<?xml version="1.0" encoding="UTF-8"?>
<testsuite xmlns:xsi="http://www.w3.org/2001/XMLSchema-instance" xsi:noNamespaceSchemaLocation="https://maven.apache.org/surefire/maven-surefire-plugin/xsd/surefire-test-report-3.0.xsd" version="3.0" name="examples.ExamplesTest" time="9.63" tests="1" errors="0" skipped="0" failures="1">
  <properties>
[...]
</properties>
  <testcase name="testParallel" classname="examples.ExamplesTest" time="9.591">
    <failure message="status code was: 404, expected: 201, response time in milliseconds: 1632, url: https://gorest.co.in/public/v2/posts/comments, response: &#10;&lt;!DOCTYPE html&gt;&lt;html&gt;&lt;head&gt;&lt;meta charset=&quot;utf-8&quot; /&gt;&lt;meta content=&quot;width=device-width, initial-scale=1, shrink-to-fit=no&quot; name=&quot;viewport&quot; /&gt;&lt;link href=&quot;/favicon.ico&quot; rel=&quot;icon&quot; type=&quot;image/x-icon&quot; /&gt;&lt;title&gt;Page Not Found | GO REST&lt;/title&gt;&lt;link rel=&quot;stylesheet&quot; href=&quot;/assets/application-908c2251d58be479b7fb209519b40235fa8b917357737796da9f4462eea8cabe.css&quot; media=&quot;all&quot; data-turbolinks-track=&quot;reload&quot; /&gt;&lt;script src=&quot;/packs/js/application-194ed409298f13f197d2.js&quot; data-turbolinks-track=&quot;reload&quot; defer=&quot;defer&quot;&gt;&lt;/script&gt;&lt;script async=&quot;true&quot; crossorigin=&quot;anonymous&quot; src=&quot;https://pagead2.googlesyndication.com/pagead/js/adsbygoogle.js?client=ca-pub-4400401340006140&quot;&gt;&lt;/script&gt;&lt;/head&gt;&lt;body&gt;&lt;nav class=&quot;navbar navbar-expand-lg navbar-dark bg-dark sticky-top&quot;&gt;&lt;div class=&quot;container&quot;&gt;&lt;a class=&quot;navbar-brand&quot; href=&quot;/&quot;&gt;&lt;i class=&quot;fas fa-exchange-alt&quot;&gt;&lt;/i&gt; Go REST&lt;/a&gt;&lt;button aria-controls=&quot;AppNavBar&quot; aria-expanded=&quot;false&quot; aria-label=&quot;Toggle navigation&quot; class=&quot;navbar-toggler&quot; data-bs-target=&quot;#AppNavBar&quot; data-bs-toggle=&quot;collapse&quot; type=&quot;button&quot;&gt;&lt;span class=&quot;navbar-toggler-icon&quot;&gt;&lt;/span&gt;&lt;/button&gt;&lt;div class=&quot;collapse navbar-collapse&quot; id=&quot;AppNavBar&quot;&gt;&lt;ul class=&quot;navbar-nav ms-auto&quot;&gt;&lt;li class=&quot;nav-item&quot;&gt;&lt;a class=&quot;nav-link&quot; href=&quot;/qa&quot;&gt;&lt;i class=&quot;fas fa-life-ring&quot;&gt;&lt;/i&gt; Help&lt;/a&gt;&lt;/li&gt;&lt;li class=&quot;nav-item&quot;&gt;&lt;a class=&quot;nav-link&quot; href=&quot;/rest-console&quot;&gt;&lt;i class=&quot;fab fa-linux&quot;&gt;&lt;/i&gt; Rest Console&lt;/a&gt;&lt;/li&gt;&lt;li class=&quot;nav-item dropdown&quot;&gt;&lt;a aria-expanded=&quot;false&quot; class=&quot;nav-link dropdown-toggle&quot; data-bs-toggle=&quot;dropdown&quot; href=&quot;#&quot; id=&quot;ToolsDropDown&quot; role=&quot;button&quot;&gt;&lt;i class=&quot;fas fa-tools&quot;&gt;&lt;/i&gt; Tools&lt;/a&gt;&lt;ul aria-labelledby=&quot;ToolsDropDown&quot; class=&quot;dropdown-menu&quot;&gt;&lt;li class=&quot;&quot;&gt;&lt;a class=&quot;dropdown-item&quot; href=&quot;/tools/base64-encode-decode&quot;&gt;Base64 Encode/Decode&lt;/a&gt;&lt;/li&gt;&lt;li class=&quot;&quot;&gt;&lt;a class=&quot;dropdown-item&quot; href=&quot;/tools/url-encode-decode&quot;&gt;Url Encode/Decode&lt;/a&gt;&lt;/li&gt;&lt;li class=&quot;&quot;&gt;&lt;a class=&quot;dropdown-item&quot; href=&quot;/tools/gcode-translator&quot;&gt;G-Code Translator&lt;/a&gt;&lt;/li&gt;&lt;/ul&gt;&lt;/li&gt;&lt;li class=&quot;nav-item&quot;&gt;&lt;a class=&quot;nav-link&quot; href=&quot;/consumer/login&quot;&gt;Login&lt;/a&gt;&lt;/li&gt;&lt;/ul&gt;&lt;/div&gt;&lt;/div&gt;&lt;/nav&gt;&lt;div class=&quot;container pt-3&quot;&gt;&lt;style type=&quot;text/css&quot;&gt;.code-text code {color: #bdbdbd;display: block;}.code-text code b {color: #81a2be;font-weight: 900;}.code-text code em {color: #b294bb;font-style: unset;}.code-text code i {color: #b5bd68;}.code-text code span {color: #f0c674;}&lt;/style&gt;&lt;div class=&quot;card text-white border-secondary bg-dark&quot;&gt;&lt;div class=&quot;card-header&quot;&gt;&lt;h1 class=&quot;card-title text-warning&quot;&gt;&lt;i class=&quot;fas fa-ghost text-white slide-right&quot;&gt;&lt;/i&gt; HTTP: Not Found &lt;/h1&gt;&lt;/div&gt;&lt;div class=&quot;card-body&quot;&gt;&lt;h3 class=&quot;leaad code-text&quot;&gt;&lt;code class=&quot;mb-3&quot;&gt;&lt;span&gt;this_page&lt;/span&gt;.&lt;em&gt;not_found&lt;/em&gt; = true&lt;/code&gt;&lt;/h3&gt;&lt;p class=&quot;lead code-text&quot;&gt;&lt;code class=&quot;mb-2&quot;&gt;&lt;span&gt;if&lt;/span&gt; &lt;b&gt;you_spelt_it_wrong&lt;/b&gt; &lt;br /&gt;&amp;nbsp;&amp;nbsp;&lt;span&gt;try_again&lt;/span&gt;&lt;br /&gt;&lt;/code&gt;&lt;code class=&quot;mb-2&quot;&gt;&lt;span&gt;elsif &lt;b&gt;we_screwed_up&lt;/b&gt;&lt;/span&gt; &lt;br /&gt;&amp;nbsp;&amp;nbsp;&lt;em&gt;print&lt;/em&gt; &lt;i&gt;&quot;We&apos;re really sorry about that.&quot;&lt;/i&gt;&lt;br/&gt;&lt;/code&gt;&lt;code class=&quot;mb-2&quot;&gt;&lt;span&gt;end&lt;/span&gt;&lt;/code&gt;&lt;code class=&quot;mb-2&quot;&gt;&lt;span&gt;redirect_to&lt;/span&gt; &lt;em&gt;home_page&lt;/em&gt;&lt;/code&gt;&lt;/p&gt;&lt;/div&gt;&lt;div class=&quot;card-footer&quot;&gt;&lt;p class=&quot;text-danger&quot;&gt;We are sorry, something went wrong. Please try again later.&lt;/p&gt;&lt;/div&gt;&lt;/div&gt;&lt;/div&gt;&lt;hr class=&quot;mt-5&quot; /&gt;&lt;div class=&quot;container&quot;&gt;&lt;div class=&quot;footer&quot;&gt;&lt;ul class=&quot;list-inline&quot;&gt;&lt;li class=&quot;list-inline-item&quot;&gt;&amp;copy; Go Rest 2025&lt;/li&gt;&lt;li class=&quot;list-inline-item float-lg-end&quot;&gt;&lt;a href=&quot;/privacy-policy&quot;&gt;Privacy Policy&lt;/a&gt;&lt;/li&gt;&lt;li class=&quot;list-inline-item float-lg-end me-3&quot;&gt;&lt;a href=&quot;/contact-us&quot;&gt;Contact Us&lt;/a&gt;&lt;/li&gt;&lt;/ul&gt;&lt;/div&gt;&lt;/div&gt;&lt;/body&gt;&lt;/html&gt;&#10;classpath:examples/comments/comments.feature:22&#10;status code was: 404, expected: 200, response time in milliseconds: 1632, url: https://gorest.co.in/public/v2/comments, response: &#10;&lt;!DOCTYPE html&gt;&lt;html&gt;&lt;head&gt;&lt;meta charset=&quot;utf-8&quot; /&gt;&lt;meta content=&quot;width=device-width, initial-scale=1, shrink-to-fit=no&quot; name=&quot;viewport&quot; /&gt;&lt;link href=&quot;/favicon.ico&quot; rel=&quot;icon&quot; type=&quot;image/x-icon&quot; /&gt;&lt;title&gt;Page Not Found | GO REST&lt;/title&gt;&lt;link rel=&quot;stylesheet&quot; href=&quot;/assets/application-908c2251d58be479b7fb209519b40235fa8b917357737796da9f4462eea8cabe.css&quot; media=&quot;all&quot; data-turbolinks-track=&quot;reload&quot; /&gt;&lt;script src=&quot;/packs/js/application-194ed409298f13f197d2.js&quot; data-turbolinks-track=&quot;reload&quot; defer=&quot;defer&quot;&gt;&lt;/script&gt;&lt;script async=&quot;true&quot; crossorigin=&quot;anonymous&quot; src=&quot;https://pagead2.googlesyndication.com/pagead/js/adsbygoogle.js?client=ca-pub-4400401340006140&quot;&gt;&lt;/script&gt;&lt;/head&gt;&lt;body&gt;&lt;nav class=&quot;navbar navbar-expand-lg navbar-dark bg-dark sticky-top&quot;&gt;&lt;div class=&quot;container&quot;&gt;&lt;a class=&quot;navbar-brand&quot; href=&quot;/&quot;&gt;&lt;i class=&quot;fas fa-exchange-alt&quot;&gt;&lt;/i&gt; Go REST&lt;/a&gt;&lt;button aria-controls=&quot;AppNavBar&quot; aria-expanded=&quot;false&quot; aria-label=&quot;Toggle navigation&quot; class=&quot;navbar-toggler&quot; data-bs-target=&quot;#AppNavBar&quot; data-bs-toggle=&quot;collapse&quot; type=&quot;button&quot;&gt;&lt;span class=&quot;navbar-toggler-icon&quot;&gt;&lt;/span&gt;&lt;/button&gt;&lt;div class=&quot;collapse navbar-collapse&quot; id=&quot;AppNavBar&quot;&gt;&lt;ul class=&quot;navbar-nav ms-auto&quot;&gt;&lt;li class=&quot;nav-item&quot;&gt;&lt;a class=&quot;nav-link&quot; href=&quot;/qa&quot;&gt;&lt;i class=&quot;fas fa-life-ring&quot;&gt;&lt;/i&gt; Help&lt;/a&gt;&lt;/li&gt;&lt;li class=&quot;nav-item&quot;&gt;&lt;a class=&quot;nav-link&quot; href=&quot;/rest-console&quot;&gt;&lt;i class=&quot;fab fa-linux&quot;&gt;&lt;/i&gt; Rest Console&lt;/a&gt;&lt;/li&gt;&lt;li class=&quot;nav-item dropdown&quot;&gt;&lt;a aria-expanded=&quot;false&quot; class=&quot;nav-link dropdown-toggle&quot; data-bs-toggle=&quot;dropdown&quot; href=&quot;#&quot; id=&quot;ToolsDropDown&quot; role=&quot;button&quot;&gt;&lt;i class=&quot;fas fa-tools&quot;&gt;&lt;/i&gt; Tools&lt;/a&gt;&lt;ul aria-labelledby=&quot;ToolsDropDown&quot; class=&quot;dropdown-menu&quot;&gt;&lt;li class=&quot;&quot;&gt;&lt;a class=&quot;dropdown-item&quot; href=&quot;/tools/base64-encode-decode&quot;&gt;Base64 Encode/Decode&lt;/a&gt;&lt;/li&gt;&lt;li class=&quot;&quot;&gt;&lt;a class=&quot;dropdown-item&quot; href=&quot;/tools/url-encode-decode&quot;&gt;Url Encode/Decode&lt;/a&gt;&lt;/li&gt;&lt;li class=&quot;&quot;&gt;&lt;a class=&quot;dropdown-item&quot; href=&quot;/tools/gcode-translator&quot;&gt;G-Code Translator&lt;/a&gt;&lt;/li&gt;&lt;/ul&gt;&lt;/li&gt;&lt;li class=&quot;nav-item&quot;&gt;&lt;a class=&quot;nav-link&quot; href=&quot;/consumer/login&quot;&gt;Login&lt;/a&gt;&lt;/li&gt;&lt;/ul&gt;&lt;/div&gt;&lt;/div&gt;&lt;/nav&gt;&lt;div class=&quot;container pt-3&quot;&gt;&lt;style type=&quot;text/css&quot;&gt;.code-text code {color: #bdbdbd;display: block;}.code-text code b {color: #81a2be;font-weight: 900;}.code-text code em {color: #b294bb;font-style: unset;}.code-text code i {color: #b5bd68;}.code-text code span {color: #f0c674;}&lt;/style&gt;&lt;div class=&quot;card text-white border-secondary bg-dark&quot;&gt;&lt;div class=&quot;card-header&quot;&gt;&lt;h1 class=&quot;card-title text-warning&quot;&gt;&lt;i class=&quot;fas fa-ghost text-white slide-right&quot;&gt;&lt;/i&gt; HTTP: Not Found &lt;/h1&gt;&lt;/div&gt;&lt;div class=&quot;card-body&quot;&gt;&lt;h3 class=&quot;leaad code-text&quot;&gt;&lt;code class=&quot;mb-3&quot;&gt;&lt;span&gt;this_page&lt;/span&gt;.&lt;em&gt;not_found&lt;/em&gt; = true&lt;/code&gt;&lt;/h3&gt;&lt;p class=&quot;lead code-text&quot;&gt;&lt;code class=&quot;mb-2&quot;&gt;&lt;span&gt;if&lt;/span&gt; &lt;b&gt;you_spelt_it_wrong&lt;/b&gt; &lt;br /&gt;&amp;nbsp;&amp;nbsp;&lt;span&gt;try_again&lt;/span&gt;&lt;br /&gt;&lt;/code&gt;&lt;code class=&quot;mb-2&quot;&gt;&lt;span&gt;elsif &lt;b&gt;we_screwed_up&lt;/b&gt;&lt;/span&gt; &lt;br /&gt;&amp;nbsp;&amp;nbsp;&lt;em&gt;print&lt;/em&gt; &lt;i&gt;&quot;We&apos;re really sorry about that.&quot;&lt;/i&gt;&lt;br/&gt;&lt;/code&gt;&lt;code class=&quot;mb-2&quot;&gt;&lt;span&gt;end&lt;/span&gt;&lt;/code&gt;&lt;code class=&quot;mb-2&quot;&gt;&lt;span&gt;redirect_to&lt;/span&gt; &lt;em&gt;home_page&lt;/em&gt;&lt;/code&gt;&lt;/p&gt;&lt;/div&gt;&lt;div class=&quot;card-footer&quot;&gt;&lt;p class=&quot;text-danger&quot;&gt;We are sorry, something went wrong. Please try again later.&lt;/p&gt;&lt;/div&gt;&lt;/div&gt;&lt;/div&gt;&lt;hr class=&quot;mt-5&quot; /&gt;&lt;div class=&quot;container&quot;&gt;&lt;div class=&quot;footer&quot;&gt;&lt;ul class=&quot;list-inline&quot;&gt;&lt;li class=&quot;list-inline-item&quot;&gt;&amp;copy; Go Rest 2025&lt;/li&gt;&lt;li class=&quot;list-inline-item float-lg-end&quot;&gt;&lt;a href=&quot;/privacy-policy&quot;&gt;Privacy Policy&lt;/a&gt;&lt;/li&gt;&lt;li class=&quot;list-inline-item float-lg-end me-3&quot;&gt;&lt;a href=&quot;/contact-us&quot;&gt;Contact Us&lt;/a&gt;&lt;/li&gt;&lt;/ul&gt;&lt;/div&gt;&lt;/div&gt;&lt;/body&gt;&lt;/html&gt;&#10;classpath:examples/comments/comments.feature:48&#10;status code was: 404, expected: 204, response time in milliseconds: 1657, url: https://gorest.co.in/public/v2/comments, response: &#10;&lt;!DOCTYPE html&gt;&lt;html&gt;&lt;head&gt;&lt;meta charset=&quot;utf-8&quot; /&gt;&lt;meta content=&quot;width=device-width, initial-scale=1, shrink-to-fit=no&quot; name=&quot;viewport&quot; /&gt;&lt;link href=&quot;/favicon.ico&quot; rel=&quot;icon&quot; type=&quot;image/x-icon&quot; /&gt;&lt;title&gt;Page Not Found | GO REST&lt;/title&gt;&lt;link rel=&quot;stylesheet&quot; href=&quot;/assets/application-908c2251d58be479b7fb209519b40235fa8b917357737796da9f4462eea8cabe.css&quot; media=&quot;all&quot; data-turbolinks-track=&quot;reload&quot; /&gt;&lt;script src=&quot;/packs/js/application-194ed409298f13f197d2.js&quot; data-turbolinks-track=&quot;reload&quot; defer=&quot;defer&quot;&gt;&lt;/script&gt;&lt;script async=&quot;true&quot; crossorigin=&quot;anonymous&quot; src=&quot;https://pagead2.googlesyndication.com/pagead/js/adsbygoogle.js?client=ca-pub-4400401340006140&quot;&gt;&lt;/script&gt;&lt;/head&gt;&lt;body&gt;&lt;nav class=&quot;navbar navbar-expand-lg navbar-dark bg-dark sticky-top&quot;&gt;&lt;div class=&quot;container&quot;&gt;&lt;a class=&quot;navbar-brand&quot; href=&quot;/&quot;&gt;&lt;i class=&quot;fas fa-exchange-alt&quot;&gt;&lt;/i&gt; Go REST&lt;/a&gt;&lt;button aria-controls=&quot;AppNavBar&quot; aria-expanded=&quot;false&quot; aria-label=&quot;Toggle navigation&quot; class=&quot;navbar-toggler&quot; data-bs-target=&quot;#AppNavBar&quot; data-bs-toggle=&quot;collapse&quot; type=&quot;button&quot;&gt;&lt;span class=&quot;navbar-toggler-icon&quot;&gt;&lt;/span&gt;&lt;/button&gt;&lt;div class=&quot;collapse navbar-collapse&quot; id=&quot;AppNavBar&quot;&gt;&lt;ul class=&quot;navbar-nav ms-auto&quot;&gt;&lt;li class=&quot;nav-item&quot;&gt;&lt;a class=&quot;nav-link&quot; href=&quot;/qa&quot;&gt;&lt;i class=&quot;fas fa-life-ring&quot;&gt;&lt;/i&gt; Help&lt;/a&gt;&lt;/li&gt;&lt;li class=&quot;nav-item&quot;&gt;&lt;a class=&quot;nav-link&quot; href=&quot;/rest-console&quot;&gt;&lt;i class=&quot;fab fa-linux&quot;&gt;&lt;/i&gt; Rest Console&lt;/a&gt;&lt;/li&gt;&lt;li class=&quot;nav-item dropdown&quot;&gt;&lt;a aria-expanded=&quot;false&quot; class=&quot;nav-link dropdown-toggle&quot; data-bs-toggle=&quot;dropdown&quot; href=&quot;#&quot; id=&quot;ToolsDropDown&quot; role=&quot;button&quot;&gt;&lt;i class=&quot;fas fa-tools&quot;&gt;&lt;/i&gt; Tools&lt;/a&gt;&lt;ul aria-labelledby=&quot;ToolsDropDown&quot; class=&quot;dropdown-menu&quot;&gt;&lt;li class=&quot;&quot;&gt;&lt;a class=&quot;dropdown-item&quot; href=&quot;/tools/base64-encode-decode&quot;&gt;Base64 Encode/Decode&lt;/a&gt;&lt;/li&gt;&lt;li class=&quot;&quot;&gt;&lt;a class=&quot;dropdown-item&quot; href=&quot;/tools/url-encode-decode&quot;&gt;Url Encode/Decode&lt;/a&gt;&lt;/li&gt;&lt;li class=&quot;&quot;&gt;&lt;a class=&quot;dropdown-item&quot; href=&quot;/tools/gcode-translator&quot;&gt;G-Code Translator&lt;/a&gt;&lt;/li&gt;&lt;/ul&gt;&lt;/li&gt;&lt;li class=&quot;nav-item&quot;&gt;&lt;a class=&quot;nav-link&quot; href=&quot;/consumer/login&quot;&gt;Login&lt;/a&gt;&lt;/li&gt;&lt;/ul&gt;&lt;/div&gt;&lt;/div&gt;&lt;/nav&gt;&lt;div class=&quot;container pt-3&quot;&gt;&lt;style type=&quot;text/css&quot;&gt;.code-text code {color: #bdbdbd;display: block;}.code-text code b {color: #81a2be;font-weight: 900;}.code-text code em {color: #b294bb;font-style: unset;}.code-text code i {color: #b5bd68;}.code-text code span {color: #f0c674;}&lt;/style&gt;&lt;div class=&quot;card text-white border-secondary bg-dark&quot;&gt;&lt;div class=&quot;card-header&quot;&gt;&lt;h1 class=&quot;card-title text-warning&quot;&gt;&lt;i class=&quot;fas fa-ghost text-white slide-right&quot;&gt;&lt;/i&gt; HTTP: Not Found &lt;/h1&gt;&lt;/div&gt;&lt;div class=&quot;card-body&quot;&gt;&lt;h3 class=&quot;leaad code-text&quot;&gt;&lt;code class=&quot;mb-3&quot;&gt;&lt;span&gt;this_page&lt;/span&gt;.&lt;em&gt;not_found&lt;/em&gt; = true&lt;/code&gt;&lt;/h3&gt;&lt;p class=&quot;lead code-text&quot;&gt;&lt;code class=&quot;mb-2&quot;&gt;&lt;span&gt;if&lt;/span&gt; &lt;b&gt;you_spelt_it_wrong&lt;/b&gt; &lt;br /&gt;&amp;nbsp;&amp;nbsp;&lt;span&gt;try_again&lt;/span&gt;&lt;br /&gt;&lt;/code&gt;&lt;code class=&quot;mb-2&quot;&gt;&lt;span&gt;elsif &lt;b&gt;we_screwed_up&lt;/b&gt;&lt;/span&gt; &lt;br /&gt;&amp;nbsp;&amp;nbsp;&lt;em&gt;print&lt;/em&gt; &lt;i&gt;&quot;We&apos;re really sorry about that.&quot;&lt;/i&gt;&lt;br/&gt;&lt;/code&gt;&lt;code class=&quot;mb-2&quot;&gt;&lt;span&gt;end&lt;/span&gt;&lt;/code&gt;&lt;code class=&quot;mb-2&quot;&gt;&lt;span&gt;redirect_to&lt;/span&gt; &lt;em&gt;home_page&lt;/em&gt;&lt;/code&gt;&lt;/p&gt;&lt;/div&gt;&lt;div class=&quot;card-footer&quot;&gt;&lt;p class=&quot;text-danger&quot;&gt;We are sorry, something went wrong. Please try again later.&lt;/p&gt;&lt;/div&gt;&lt;/div&gt;&lt;/div&gt;&lt;hr class=&quot;mt-5&quot; /&gt;&lt;div class=&quot;container&quot;&gt;&lt;div class=&quot;footer&quot;&gt;&lt;ul class=&quot;list-inline&quot;&gt;&lt;li class=&quot;list-inline-item&quot;&gt;&amp;copy; Go Rest 2025&lt;/li&gt;&lt;li class=&quot;list-inline-item float-lg-end&quot;&gt;&lt;a href=&quot;/privacy-policy&quot;&gt;Privacy Policy&lt;/a&gt;&lt;/li&gt;&lt;li class=&quot;list-inline-item float-lg-end me-3&quot;&gt;&lt;a href=&quot;/contact-us&quot;&gt;Contact Us&lt;/a&gt;&lt;/li&gt;&lt;/ul&gt;&lt;/div&gt;&lt;/div&gt;&lt;/body&gt;&lt;/html&gt;&#10;classpath:examples/comments/comments.feature:55&#10;status code was: 404, expected: 201, response time in milliseconds: 1291, url: https://gorest.co.in/public/v2/users/posts, response: &#10;&lt;!DOCTYPE html&gt;&lt;html&gt;&lt;head&gt;&lt;meta charset=&quot;utf-8&quot; /&gt;&lt;meta content=&quot;width=device-width, initial-scale=1, shrink-to-fit=no&quot; name=&quot;viewport&quot; /&gt;&lt;link href=&quot;/favicon.ico&quot; rel=&quot;icon&quot; type=&quot;image/x-icon&quot; /&gt;&lt;title&gt;Page Not Found | GO REST&lt;/title&gt;&lt;link rel=&quot;stylesheet&quot; href=&quot;/assets/application-908c2251d58be479b7fb209519b40235fa8b917357737796da9f4462eea8cabe.css&quot; media=&quot;all&quot; data-turbolinks-track=&quot;reload&quot; /&gt;&lt;script src=&quot;/packs/js/application-194ed409298f13f197d2.js&quot; data-turbolinks-track=&quot;reload&quot; defer=&quot;defer&quot;&gt;&lt;/script&gt;&lt;script async=&quot;true&quot; crossorigin=&quot;anonymous&quot; src=&quot;https://pagead2.googlesyndication.com/pagead/js/adsbygoogle.js?client=ca-pub-4400401340006140&quot;&gt;&lt;/script&gt;&lt;/head&gt;&lt;body&gt;&lt;nav class=&quot;navbar navbar-expand-lg navbar-dark bg-dark sticky-top&quot;&gt;&lt;div class=&quot;container&quot;&gt;&lt;a class=&quot;navbar-brand&quot; href=&quot;/&quot;&gt;&lt;i class=&quot;fas fa-exchange-alt&quot;&gt;&lt;/i&gt; Go REST&lt;/a&gt;&lt;button aria-controls=&quot;AppNavBar&quot; aria-expanded=&quot;false&quot; aria-label=&quot;Toggle navigation&quot; class=&quot;navbar-toggler&quot; data-bs-target=&quot;#AppNavBar&quot; data-bs-toggle=&quot;collapse&quot; type=&quot;button&quot;&gt;&lt;span class=&quot;navbar-toggler-icon&quot;&gt;&lt;/span&gt;&lt;/button&gt;&lt;div class=&quot;collapse navbar-collapse&quot; id=&quot;AppNavBar&quot;&gt;&lt;ul class=&quot;navbar-nav ms-auto&quot;&gt;&lt;li class=&quot;nav-item&quot;&gt;&lt;a class=&quot;nav-link&quot; href=&quot;/qa&quot;&gt;&lt;i class=&quot;fas fa-life-ring&quot;&gt;&lt;/i&gt; Help&lt;/a&gt;&lt;/li&gt;&lt;li class=&quot;nav-item&quot;&gt;&lt;a class=&quot;nav-link&quot; href=&quot;/rest-console&quot;&gt;&lt;i class=&quot;fab fa-linux&quot;&gt;&lt;/i&gt; Rest Console&lt;/a&gt;&lt;/li&gt;&lt;li class=&quot;nav-item dropdown&quot;&gt;&lt;a aria-expanded=&quot;false&quot; class=&quot;nav-link dropdown-toggle&quot; data-bs-toggle=&quot;dropdown&quot; href=&quot;#&quot; id=&quot;ToolsDropDown&quot; role=&quot;button&quot;&gt;&lt;i class=&quot;fas fa-tools&quot;&gt;&lt;/i&gt; Tools&lt;/a&gt;&lt;ul aria-labelledby=&quot;ToolsDropDown&quot; class=&quot;dropdown-menu&quot;&gt;&lt;li class=&quot;&quot;&gt;&lt;a class=&quot;dropdown-item&quot; href=&quot;/tools/base64-encode-decode&quot;&gt;Base64 Encode/Decode&lt;/a&gt;&lt;/li&gt;&lt;li class=&quot;&quot;&gt;&lt;a class=&quot;dropdown-item&quot; href=&quot;/tools/url-encode-decode&quot;&gt;Url Encode/Decode&lt;/a&gt;&lt;/li&gt;&lt;li class=&quot;&quot;&gt;&lt;a class=&quot;dropdown-item&quot; href=&quot;/tools/gcode-translator&quot;&gt;G-Code Translator&lt;/a&gt;&lt;/li&gt;&lt;/ul&gt;&lt;/li&gt;&lt;li class=&quot;nav-item&quot;&gt;&lt;a class=&quot;nav-link&quot; href=&quot;/consumer/login&quot;&gt;Login&lt;/a&gt;&lt;/li&gt;&lt;/ul&gt;&lt;/div&gt;&lt;/div&gt;&lt;/nav&gt;&lt;div class=&quot;container pt-3&quot;&gt;&lt;style type=&quot;text/css&quot;&gt;.code-text code {color: #bdbdbd;display: block;}.code-text code b {color: #81a2be;font-weight: 900;}.code-text code em {color: #b294bb;font-style: unset;}.code-text code i {color: #b5bd68;}.code-text code span {color: #f0c674;}&lt;/style&gt;&lt;div class=&quot;card text-white border-secondary bg-dark&quot;&gt;&lt;div class=&quot;card-header&quot;&gt;&lt;h1 class=&quot;card-title text-warning&quot;&gt;&lt;i class=&quot;fas fa-ghost text-white slide-right&quot;&gt;&lt;/i&gt; HTTP: Not Found &lt;/h1&gt;&lt;/div&gt;&lt;div class=&quot;card-body&quot;&gt;&lt;h3 class=&quot;leaad code-text&quot;&gt;&lt;code class=&quot;mb-3&quot;&gt;&lt;span&gt;this_page&lt;/span&gt;.&lt;em&gt;not_found&lt;/em&gt; = true&lt;/code&gt;&lt;/h3&gt;&lt;p class=&quot;lead code-text&quot;&gt;&lt;code class=&quot;mb-2&quot;&gt;&lt;span&gt;if&lt;/span&gt; &lt;b&gt;you_spelt_it_wrong&lt;/b&gt; &lt;br /&gt;&amp;nbsp;&amp;nbsp;&lt;span&gt;try_again&lt;/span&gt;&lt;br /&gt;&lt;/code&gt;&lt;code class=&quot;mb-2&quot;&gt;&lt;span&gt;elsif &lt;b&gt;we_screwed_up&lt;/b&gt;&lt;/span&gt; &lt;br /&gt;&amp;nbsp;&amp;nbsp;&lt;em&gt;print&lt;/em&gt; &lt;i&gt;&quot;We&apos;re really sorry about that.&quot;&lt;/i&gt;&lt;br/&gt;&lt;/code&gt;&lt;code class=&quot;mb-2&quot;&gt;&lt;span&gt;end&lt;/span&gt;&lt;/code&gt;&lt;code class=&quot;mb-2&quot;&gt;&lt;span&gt;redirect_to&lt;/span&gt; &lt;em&gt;home_page&lt;/em&gt;&lt;/code&gt;&lt;/p&gt;&lt;/div&gt;&lt;div class=&quot;card-footer&quot;&gt;&lt;p class=&quot;text-danger&quot;&gt;We are sorry, something went wrong. Please try again later.&lt;/p&gt;&lt;/div&gt;&lt;/div&gt;&lt;/div&gt;&lt;hr class=&quot;mt-5&quot; /&gt;&lt;div class=&quot;container&quot;&gt;&lt;div class=&quot;footer&quot;&gt;&lt;ul class=&quot;list-inline&quot;&gt;&lt;li class=&quot;list-inline-item&quot;&gt;&amp;copy; Go Rest 2025&lt;/li&gt;&lt;li class=&quot;list-inline-item float-lg-end&quot;&gt;&lt;a href=&quot;/privacy-policy&quot;&gt;Privacy Policy&lt;/a&gt;&lt;/li&gt;&lt;li class=&quot;list-inline-item float-lg-end me-3&quot;&gt;&lt;a href=&quot;/contact-us&quot;&gt;Contact Us&lt;/a&gt;&lt;/li&gt;&lt;/ul&gt;&lt;/div&gt;&lt;/div&gt;&lt;/body&gt;&lt;/html&gt;&#10;classpath:examples/posts/posts.feature:27&#10;status code was: 404, expected: 200, response time in milliseconds: 1298, url: https://gorest.co.in/public/v2/posts, response: &#10;&lt;!DOCTYPE html&gt;&lt;html&gt;&lt;head&gt;&lt;meta charset=&quot;utf-8&quot; /&gt;&lt;meta content=&quot;width=device-width, initial-scale=1, shrink-to-fit=no&quot; name=&quot;viewport&quot; /&gt;&lt;link href=&quot;/favicon.ico&quot; rel=&quot;icon&quot; type=&quot;image/x-icon&quot; /&gt;&lt;title&gt;Page Not Found | GO REST&lt;/title&gt;&lt;link rel=&quot;stylesheet&quot; href=&quot;/assets/application-908c2251d58be479b7fb209519b40235fa8b917357737796da9f4462eea8cabe.css&quot; media=&quot;all&quot; data-turbolinks-track=&quot;reload&quot; /&gt;&lt;script src=&quot;/packs/js/application-194ed409298f13f197d2.js&quot; data-turbolinks-track=&quot;reload&quot; defer=&quot;defer&quot;&gt;&lt;/script&gt;&lt;script async=&quot;true&quot; crossorigin=&quot;anonymous&quot; src=&quot;https://pagead2.googlesyndication.com/pagead/js/adsbygoogle.js?client=ca-pub-4400401340006140&quot;&gt;&lt;/script&gt;&lt;/head&gt;&lt;body&gt;&lt;nav class=&quot;navbar navbar-expand-lg navbar-dark bg-dark sticky-top&quot;&gt;&lt;div class=&quot;container&quot;&gt;&lt;a class=&quot;navbar-brand&quot; href=&quot;/&quot;&gt;&lt;i class=&quot;fas fa-exchange-alt&quot;&gt;&lt;/i&gt; Go REST&lt;/a&gt;&lt;button aria-controls=&quot;AppNavBar&quot; aria-expanded=&quot;false&quot; aria-label=&quot;Toggle navigation&quot; class=&quot;navbar-toggler&quot; data-bs-target=&quot;#AppNavBar&quot; data-bs-toggle=&quot;collapse&quot; type=&quot;button&quot;&gt;&lt;span class=&quot;navbar-toggler-icon&quot;&gt;&lt;/span&gt;&lt;/button&gt;&lt;div class=&quot;collapse navbar-collapse&quot; id=&quot;AppNavBar&quot;&gt;&lt;ul class=&quot;navbar-nav ms-auto&quot;&gt;&lt;li class=&quot;nav-item&quot;&gt;&lt;a class=&quot;nav-link&quot; href=&quot;/qa&quot;&gt;&lt;i class=&quot;fas fa-life-ring&quot;&gt;&lt;/i&gt; Help&lt;/a&gt;&lt;/li&gt;&lt;li class=&quot;nav-item&quot;&gt;&lt;a class=&quot;nav-link&quot; href=&quot;/rest-console&quot;&gt;&lt;i class=&quot;fab fa-linux&quot;&gt;&lt;/i&gt; Rest Console&lt;/a&gt;&lt;/li&gt;&lt;li class=&quot;nav-item dropdown&quot;&gt;&lt;a aria-expanded=&quot;false&quot; class=&quot;nav-link dropdown-toggle&quot; data-bs-toggle=&quot;dropdown&quot; href=&quot;#&quot; id=&quot;ToolsDropDown&quot; role=&quot;button&quot;&gt;&lt;i class=&quot;fas fa-tools&quot;&gt;&lt;/i&gt; Tools&lt;/a&gt;&lt;ul aria-labelledby=&quot;ToolsDropDown&quot; class=&quot;dropdown-menu&quot;&gt;&lt;li class=&quot;&quot;&gt;&lt;a class=&quot;dropdown-item&quot; href=&quot;/tools/base64-encode-decode&quot;&gt;Base64 Encode/Decode&lt;/a&gt;&lt;/li&gt;&lt;li class=&quot;&quot;&gt;&lt;a class=&quot;dropdown-item&quot; href=&quot;/tools/url-encode-decode&quot;&gt;Url Encode/Decode&lt;/a&gt;&lt;/li&gt;&lt;li class=&quot;&quot;&gt;&lt;a class=&quot;dropdown-item&quot; href=&quot;/tools/gcode-translator&quot;&gt;G-Code Translator&lt;/a&gt;&lt;/li&gt;&lt;/ul&gt;&lt;/li&gt;&lt;li class=&quot;nav-item&quot;&gt;&lt;a class=&quot;nav-link&quot; href=&quot;/consumer/login&quot;&gt;Login&lt;/a&gt;&lt;/li&gt;&lt;/ul&gt;&lt;/div&gt;&lt;/div&gt;&lt;/nav&gt;&lt;div class=&quot;container pt-3&quot;&gt;&lt;style type=&quot;text/css&quot;&gt;.code-text code {color: #bdbdbd;display: block;}.code-text code b {color: #81a2be;font-weight: 900;}.code-text code em {color: #b294bb;font-style: unset;}.code-text code i {color: #b5bd68;}.code-text code span {color: #f0c674;}&lt;/style&gt;&lt;div class=&quot;card text-white border-secondary bg-dark&quot;&gt;&lt;div class=&quot;card-header&quot;&gt;&lt;h1 class=&quot;card-title text-warning&quot;&gt;&lt;i class=&quot;fas fa-ghost text-white slide-right&quot;&gt;&lt;/i&gt; HTTP: Not Found &lt;/h1&gt;&lt;/div&gt;&lt;div class=&quot;card-body&quot;&gt;&lt;h3 class=&quot;leaad code-text&quot;&gt;&lt;code class=&quot;mb-3&quot;&gt;&lt;span&gt;this_page&lt;/span&gt;.&lt;em&gt;not_found&lt;/em&gt; = true&lt;/code&gt;&lt;/h3&gt;&lt;p class=&quot;lead code-text&quot;&gt;&lt;code class=&quot;mb-2&quot;&gt;&lt;span&gt;if&lt;/span&gt; &lt;b&gt;you_spelt_it_wrong&lt;/b&gt; &lt;br /&gt;&amp;nbsp;&amp;nbsp;&lt;span&gt;try_again&lt;/span&gt;&lt;br /&gt;&lt;/code&gt;&lt;code class=&quot;mb-2&quot;&gt;&lt;span&gt;elsif &lt;b&gt;we_screwed_up&lt;/b&gt;&lt;/span&gt; &lt;br /&gt;&amp;nbsp;&amp;nbsp;&lt;em&gt;print&lt;/em&gt; &lt;i&gt;&quot;We&apos;re really sorry about that.&quot;&lt;/i&gt;&lt;br/&gt;&lt;/code&gt;&lt;code class=&quot;mb-2&quot;&gt;&lt;span&gt;end&lt;/span&gt;&lt;/code&gt;&lt;code class=&quot;mb-2&quot;&gt;&lt;span&gt;redirect_to&lt;/span&gt; &lt;em&gt;home_page&lt;/em&gt;&lt;/code&gt;&lt;/p&gt;&lt;/div&gt;&lt;div class=&quot;card-footer&quot;&gt;&lt;p class=&quot;text-danger&quot;&gt;We are sorry, something went wrong. Please try again later.&lt;/p&gt;&lt;/div&gt;&lt;/div&gt;&lt;/div&gt;&lt;hr class=&quot;mt-5&quot; /&gt;&lt;div class=&quot;container&quot;&gt;&lt;div class=&quot;footer&quot;&gt;&lt;ul class=&quot;list-inline&quot;&gt;&lt;li class=&quot;list-inline-item&quot;&gt;&amp;copy; Go Rest 2025&lt;/li&gt;&lt;li class=&quot;list-inline-item float-lg-end&quot;&gt;&lt;a href=&quot;/privacy-policy&quot;&gt;Privacy Policy&lt;/a&gt;&lt;/li&gt;&lt;li class=&quot;list-inline-item float-lg-end me-3&quot;&gt;&lt;a href=&quot;/contact-us&quot;&gt;Contact Us&lt;/a&gt;&lt;/li&gt;&lt;/ul&gt;&lt;/div&gt;&lt;/div&gt;&lt;/body&gt;&lt;/html&gt;&#10;classpath:examples/posts/posts.feature:50&#10;status code was: 404, expected: 204, response time in milliseconds: 1307, url: https://gorest.co.in/public/v2/posts, response: &#10;&lt;!DOCTYPE html&gt;&lt;html&gt;&lt;head&gt;&lt;meta charset=&quot;utf-8&quot; /&gt;&lt;meta content=&quot;width=device-width, initial-scale=1, shrink-to-fit=no&quot; name=&quot;viewport&quot; /&gt;&lt;link href=&quot;/favicon.ico&quot; rel=&quot;icon&quot; type=&quot;image/x-icon&quot; /&gt;&lt;title&gt;Page Not Found | GO REST&lt;/title&gt;&lt;link rel=&quot;stylesheet&quot; href=&quot;/assets/application-908c2251d58be479b7fb209519b40235fa8b917357737796da9f4462eea8cabe.css&quot; media=&quot;all&quot; data-turbolinks-track=&quot;reload&quot; /&gt;&lt;script src=&quot;/packs/js/application-194ed409298f13f197d2.js&quot; data-turbolinks-track=&quot;reload&quot; defer=&quot;defer&quot;&gt;&lt;/script&gt;&lt;script async=&quot;true&quot; crossorigin=&quot;anonymous&quot; src=&quot;https://pagead2.googlesyndication.com/pagead/js/adsbygoogle.js?client=ca-pub-4400401340006140&quot;&gt;&lt;/script&gt;&lt;/head&gt;&lt;body&gt;&lt;nav class=&quot;navbar navbar-expand-lg navbar-dark bg-dark sticky-top&quot;&gt;&lt;div class=&quot;container&quot;&gt;&lt;a class=&quot;navbar-brand&quot; href=&quot;/&quot;&gt;&lt;i class=&quot;fas fa-exchange-alt&quot;&gt;&lt;/i&gt; Go REST&lt;/a&gt;&lt;button aria-controls=&quot;AppNavBar&quot; aria-expanded=&quot;false&quot; aria-label=&quot;Toggle navigation&quot; class=&quot;navbar-toggler&quot; data-bs-target=&quot;#AppNavBar&quot; data-bs-toggle=&quot;collapse&quot; type=&quot;button&quot;&gt;&lt;span class=&quot;navbar-toggler-icon&quot;&gt;&lt;/span&gt;&lt;/button&gt;&lt;div class=&quot;collapse navbar-collapse&quot; id=&quot;AppNavBar&quot;&gt;&lt;ul class=&quot;navbar-nav ms-auto&quot;&gt;&lt;li class=&quot;nav-item&quot;&gt;&lt;a class=&quot;nav-link&quot; href=&quot;/qa&quot;&gt;&lt;i class=&quot;fas fa-life-ring&quot;&gt;&lt;/i&gt; Help&lt;/a&gt;&lt;/li&gt;&lt;li class=&quot;nav-item&quot;&gt;&lt;a class=&quot;nav-link&quot; href=&quot;/rest-console&quot;&gt;&lt;i class=&quot;fab fa-linux&quot;&gt;&lt;/i&gt; Rest Console&lt;/a&gt;&lt;/li&gt;&lt;li class=&quot;nav-item dropdown&quot;&gt;&lt;a aria-expanded=&quot;false&quot; class=&quot;nav-link dropdown-toggle&quot; data-bs-toggle=&quot;dropdown&quot; href=&quot;#&quot; id=&quot;ToolsDropDown&quot; role=&quot;button&quot;&gt;&lt;i class=&quot;fas fa-tools&quot;&gt;&lt;/i&gt; Tools&lt;/a&gt;&lt;ul aria-labelledby=&quot;ToolsDropDown&quot; class=&quot;dropdown-menu&quot;&gt;&lt;li class=&quot;&quot;&gt;&lt;a class=&quot;dropdown-item&quot; href=&quot;/tools/base64-encode-decode&quot;&gt;Base64 Encode/Decode&lt;/a&gt;&lt;/li&gt;&lt;li class=&quot;&quot;&gt;&lt;a class=&quot;dropdown-item&quot; href=&quot;/tools/url-encode-decode&quot;&gt;Url Encode/Decode&lt;/a&gt;&lt;/li&gt;&lt;li class=&quot;&quot;&gt;&lt;a class=&quot;dropdown-item&quot; href=&quot;/tools/gcode-translator&quot;&gt;G-Code Translator&lt;/a&gt;&lt;/li&gt;&lt;/ul&gt;&lt;/li&gt;&lt;li class=&quot;nav-item&quot;&gt;&lt;a class=&quot;nav-link&quot; href=&quot;/consumer/login&quot;&gt;Login&lt;/a&gt;&lt;/li&gt;&lt;/ul&gt;&lt;/div&gt;&lt;/div&gt;&lt;/nav&gt;&lt;div class=&quot;container pt-3&quot;&gt;&lt;style type=&quot;text/css&quot;&gt;.code-text code {color: #bdbdbd;display: block;}.code-text code b {color: #81a2be;font-weight: 900;}.code-text code em {color: #b294bb;font-style: unset;}.code-text code i {color: #b5bd68;}.code-text code span {color: #f0c674;}&lt;/style&gt;&lt;div class=&quot;card text-white border-secondary bg-dark&quot;&gt;&lt;div class=&quot;card-header&quot;&gt;&lt;h1 class=&quot;card-title text-warning&quot;&gt;&lt;i class=&quot;fas fa-ghost text-white slide-right&quot;&gt;&lt;/i&gt; HTTP: Not Found &lt;/h1&gt;&lt;/div&gt;&lt;div class=&quot;card-body&quot;&gt;&lt;h3 class=&quot;leaad code-text&quot;&gt;&lt;code class=&quot;mb-3&quot;&gt;&lt;span&gt;this_page&lt;/span&gt;.&lt;em&gt;not_found&lt;/em&gt; = true&lt;/code&gt;&lt;/h3&gt;&lt;p class=&quot;lead code-text&quot;&gt;&lt;code class=&quot;mb-2&quot;&gt;&lt;span&gt;if&lt;/span&gt; &lt;b&gt;you_spelt_it_wrong&lt;/b&gt; &lt;br /&gt;&amp;nbsp;&amp;nbsp;&lt;span&gt;try_again&lt;/span&gt;&lt;br /&gt;&lt;/code&gt;&lt;code class=&quot;mb-2&quot;&gt;&lt;span&gt;elsif &lt;b&gt;we_screwed_up&lt;/b&gt;&lt;/span&gt; &lt;br /&gt;&amp;nbsp;&amp;nbsp;&lt;em&gt;print&lt;/em&gt; &lt;i&gt;&quot;We&apos;re really sorry about that.&quot;&lt;/i&gt;&lt;br/&gt;&lt;/code&gt;&lt;code class=&quot;mb-2&quot;&gt;&lt;span&gt;end&lt;/span&gt;&lt;/code&gt;&lt;code class=&quot;mb-2&quot;&gt;&lt;span&gt;redirect_to&lt;/span&gt; &lt;em&gt;home_page&lt;/em&gt;&lt;/code&gt;&lt;/p&gt;&lt;/div&gt;&lt;div class=&quot;card-footer&quot;&gt;&lt;p class=&quot;text-danger&quot;&gt;We are sorry, something went wrong. Please try again later.&lt;/p&gt;&lt;/div&gt;&lt;/div&gt;&lt;/div&gt;&lt;hr class=&quot;mt-5&quot; /&gt;&lt;div class=&quot;container&quot;&gt;&lt;div class=&quot;footer&quot;&gt;&lt;ul class=&quot;list-inline&quot;&gt;&lt;li class=&quot;list-inline-item&quot;&gt;&amp;copy; Go Rest 2025&lt;/li&gt;&lt;li class=&quot;list-inline-item float-lg-end&quot;&gt;&lt;a href=&quot;/privacy-policy&quot;&gt;Privacy Policy&lt;/a&gt;&lt;/li&gt;&lt;li class=&quot;list-inline-item float-lg-end me-3&quot;&gt;&lt;a href=&quot;/contact-us&quot;&gt;Contact Us&lt;/a&gt;&lt;/li&gt;&lt;/ul&gt;&lt;/div&gt;&lt;/div&gt;&lt;/body&gt;&lt;/html&gt;&#10;classpath:examples/posts/posts.feature:57&#10;status code was: 404, expected: 201, response time in milliseconds: 1339, url: https://gorest.co.in/public/v2/users/todos, response: &#10;&lt;!DOCTYPE html&gt;&lt;html&gt;&lt;head&gt;&lt;meta charset=&quot;utf-8&quot; /&gt;&lt;meta content=&quot;width=device-width, initial-scale=1, shrink-to-fit=no&quot; name=&quot;viewport&quot; /&gt;&lt;link href=&quot;/favicon.ico&quot; rel=&quot;icon&quot; type=&quot;image/x-icon&quot; /&gt;&lt;title&gt;Page Not Found | GO REST&lt;/title&gt;&lt;link rel=&quot;stylesheet&quot; href=&quot;/assets/application-908c2251d58be479b7fb209519b40235fa8b917357737796da9f4462eea8cabe.css&quot; media=&quot;all&quot; data-turbolinks-track=&quot;reload&quot; /&gt;&lt;script src=&quot;/packs/js/application-194ed409298f13f197d2.js&quot; data-turbolinks-track=&quot;reload&quot; defer=&quot;defer&quot;&gt;&lt;/script&gt;&lt;script async=&quot;true&quot; crossorigin=&quot;anonymous&quot; src=&quot;https://pagead2.googlesyndication.com/pagead/js/adsbygoogle.js?client=ca-pub-4400401340006140&quot;&gt;&lt;/script&gt;&lt;/head&gt;&lt;body&gt;&lt;nav class=&quot;navbar navbar-expand-lg navbar-dark bg-dark sticky-top&quot;&gt;&lt;div class=&quot;container&quot;&gt;&lt;a class=&quot;navbar-brand&quot; href=&quot;/&quot;&gt;&lt;i class=&quot;fas fa-exchange-alt&quot;&gt;&lt;/i&gt; Go REST&lt;/a&gt;&lt;button aria-controls=&quot;AppNavBar&quot; aria-expanded=&quot;false&quot; aria-label=&quot;Toggle navigation&quot; class=&quot;navbar-toggler&quot; data-bs-target=&quot;#AppNavBar&quot; data-bs-toggle=&quot;collapse&quot; type=&quot;button&quot;&gt;&lt;span class=&quot;navbar-toggler-icon&quot;&gt;&lt;/span&gt;&lt;/button&gt;&lt;div class=&quot;collapse navbar-collapse&quot; id=&quot;AppNavBar&quot;&gt;&lt;ul class=&quot;navbar-nav ms-auto&quot;&gt;&lt;li class=&quot;nav-item&quot;&gt;&lt;a class=&quot;nav-link&quot; href=&quot;/qa&quot;&gt;&lt;i class=&quot;fas fa-life-ring&quot;&gt;&lt;/i&gt; Help&lt;/a&gt;&lt;/li&gt;&lt;li class=&quot;nav-item&quot;&gt;&lt;a class=&quot;nav-link&quot; href=&quot;/rest-console&quot;&gt;&lt;i class=&quot;fab fa-linux&quot;&gt;&lt;/i&gt; Rest Console&lt;/a&gt;&lt;/li&gt;&lt;li class=&quot;nav-item dropdown&quot;&gt;&lt;a aria-expanded=&quot;false&quot; class=&quot;nav-link dropdown-toggle&quot; data-bs-toggle=&quot;dropdown&quot; href=&quot;#&quot; id=&quot;ToolsDropDown&quot; role=&quot;button&quot;&gt;&lt;i class=&quot;fas fa-tools&quot;&gt;&lt;/i&gt; Tools&lt;/a&gt;&lt;ul aria-labelledby=&quot;ToolsDropDown&quot; class=&quot;dropdown-menu&quot;&gt;&lt;li class=&quot;&quot;&gt;&lt;a class=&quot;dropdown-item&quot; href=&quot;/tools/base64-encode-decode&quot;&gt;Base64 Encode/Decode&lt;/a&gt;&lt;/li&gt;&lt;li class=&quot;&quot;&gt;&lt;a class=&quot;dropdown-item&quot; href=&quot;/tools/url-encode-decode&quot;&gt;Url Encode/Decode&lt;/a&gt;&lt;/li&gt;&lt;li class=&quot;&quot;&gt;&lt;a class=&quot;dropdown-item&quot; href=&quot;/tools/gcode-translator&quot;&gt;G-Code Translator&lt;/a&gt;&lt;/li&gt;&lt;/ul&gt;&lt;/li&gt;&lt;li class=&quot;nav-item&quot;&gt;&lt;a class=&quot;nav-link&quot; href=&quot;/consumer/login&quot;&gt;Login&lt;/a&gt;&lt;/li&gt;&lt;/ul&gt;&lt;/div&gt;&lt;/div&gt;&lt;/nav&gt;&lt;div class=&quot;container pt-3&quot;&gt;&lt;style type=&quot;text/css&quot;&gt;.code-text code {color: #bdbdbd;display: block;}.code-text code b {color: #81a2be;font-weight: 900;}.code-text code em {color: #b294bb;font-style: unset;}.code-text code i {color: #b5bd68;}.code-text code span {color: #f0c674;}&lt;/style&gt;&lt;div class=&quot;card text-white border-secondary bg-dark&quot;&gt;&lt;div class=&quot;card-header&quot;&gt;&lt;h1 class=&quot;card-title text-warning&quot;&gt;&lt;i class=&quot;fas fa-ghost text-white slide-right&quot;&gt;&lt;/i&gt; HTTP: Not Found &lt;/h1&gt;&lt;/div&gt;&lt;div class=&quot;card-body&quot;&gt;&lt;h3 class=&quot;leaad code-text&quot;&gt;&lt;code class=&quot;mb-3&quot;&gt;&lt;span&gt;this_page&lt;/span&gt;.&lt;em&gt;not_found&lt;/em&gt; = true&lt;/code&gt;&lt;/h3&gt;&lt;p class=&quot;lead code-text&quot;&gt;&lt;code class=&quot;mb-2&quot;&gt;&lt;span&gt;if&lt;/span&gt; &lt;b&gt;you_spelt_it_wrong&lt;/b&gt; &lt;br /&gt;&amp;nbsp;&amp;nbsp;&lt;span&gt;try_again&lt;/span&gt;&lt;br /&gt;&lt;/code&gt;&lt;code class=&quot;mb-2&quot;&gt;&lt;span&gt;elsif &lt;b&gt;we_screwed_up&lt;/b&gt;&lt;/span&gt; &lt;br /&gt;&amp;nbsp;&amp;nbsp;&lt;em&gt;print&lt;/em&gt; &lt;i&gt;&quot;We&apos;re really sorry about that.&quot;&lt;/i&gt;&lt;br/&gt;&lt;/code&gt;&lt;code class=&quot;mb-2&quot;&gt;&lt;span&gt;end&lt;/span&gt;&lt;/code&gt;&lt;code class=&quot;mb-2&quot;&gt;&lt;span&gt;redirect_to&lt;/span&gt; &lt;em&gt;home_page&lt;/em&gt;&lt;/code&gt;&lt;/p&gt;&lt;/div&gt;&lt;div class=&quot;card-footer&quot;&gt;&lt;p class=&quot;text-danger&quot;&gt;We are sorry, something went wrong. Please try again later.&lt;/p&gt;&lt;/div&gt;&lt;/div&gt;&lt;/div&gt;&lt;hr class=&quot;mt-5&quot; /&gt;&lt;div class=&quot;container&quot;&gt;&lt;div class=&quot;footer&quot;&gt;&lt;ul class=&quot;list-inline&quot;&gt;&lt;li class=&quot;list-inline-item&quot;&gt;&amp;copy; Go Rest 2025&lt;/li&gt;&lt;li class=&quot;list-inline-item float-lg-end&quot;&gt;&lt;a href=&quot;/privacy-policy&quot;&gt;Privacy Policy&lt;/a&gt;&lt;/li&gt;&lt;li class=&quot;list-inline-item float-lg-end me-3&quot;&gt;&lt;a href=&quot;/contact-us&quot;&gt;Contact Us&lt;/a&gt;&lt;/li&gt;&lt;/ul&gt;&lt;/div&gt;&lt;/div&gt;&lt;/body&gt;&lt;/html&gt;&#10;classpath:examples/todos/todos.feature:22&#10;status code was: 404, expected: 200, response time in milliseconds: 1330, url: https://gorest.co.in/public/v2/todos, response: &#10;&lt;!DOCTYPE html&gt;&lt;html&gt;&lt;head&gt;&lt;meta charset=&quot;utf-8&quot; /&gt;&lt;meta content=&quot;width=device-width, initial-scale=1, shrink-to-fit=no&quot; name=&quot;viewport&quot; /&gt;&lt;link href=&quot;/favicon.ico&quot; rel=&quot;icon&quot; type=&quot;image/x-icon&quot; /&gt;&lt;title&gt;Page Not Found | GO REST&lt;/title&gt;&lt;link rel=&quot;stylesheet&quot; href=&quot;/assets/application-908c2251d58be479b7fb209519b40235fa8b917357737796da9f4462eea8cabe.css&quot; media=&quot;all&quot; data-turbolinks-track=&quot;reload&quot; /&gt;&lt;script src=&quot;/packs/js/application-194ed409298f13f197d2.js&quot; data-turbolinks-track=&quot;reload&quot; defer=&quot;defer&quot;&gt;&lt;/script&gt;&lt;script async=&quot;true&quot; crossorigin=&quot;anonymous&quot; src=&quot;https://pagead2.googlesyndication.com/pagead/js/adsbygoogle.js?client=ca-pub-4400401340006140&quot;&gt;&lt;/script&gt;&lt;/head&gt;&lt;body&gt;&lt;nav class=&quot;navbar navbar-expand-lg navbar-dark bg-dark sticky-top&quot;&gt;&lt;div class=&quot;container&quot;&gt;&lt;a class=&quot;navbar-brand&quot; href=&quot;/&quot;&gt;&lt;i class=&quot;fas fa-exchange-alt&quot;&gt;&lt;/i&gt; Go REST&lt;/a&gt;&lt;button aria-controls=&quot;AppNavBar&quot; aria-expanded=&quot;false&quot; aria-label=&quot;Toggle navigation&quot; class=&quot;navbar-toggler&quot; data-bs-target=&quot;#AppNavBar&quot; data-bs-toggle=&quot;collapse&quot; type=&quot;button&quot;&gt;&lt;span class=&quot;navbar-toggler-icon&quot;&gt;&lt;/span&gt;&lt;/button&gt;&lt;div class=&quot;collapse navbar-collapse&quot; id=&quot;AppNavBar&quot;&gt;&lt;ul class=&quot;navbar-nav ms-auto&quot;&gt;&lt;li class=&quot;nav-item&quot;&gt;&lt;a class=&quot;nav-link&quot; href=&quot;/qa&quot;&gt;&lt;i class=&quot;fas fa-life-ring&quot;&gt;&lt;/i&gt; Help&lt;/a&gt;&lt;/li&gt;&lt;li class=&quot;nav-item&quot;&gt;&lt;a class=&quot;nav-link&quot; href=&quot;/rest-console&quot;&gt;&lt;i class=&quot;fab fa-linux&quot;&gt;&lt;/i&gt; Rest Console&lt;/a&gt;&lt;/li&gt;&lt;li class=&quot;nav-item dropdown&quot;&gt;&lt;a aria-expanded=&quot;false&quot; class=&quot;nav-link dropdown-toggle&quot; data-bs-toggle=&quot;dropdown&quot; href=&quot;#&quot; id=&quot;ToolsDropDown&quot; role=&quot;button&quot;&gt;&lt;i class=&quot;fas fa-tools&quot;&gt;&lt;/i&gt; Tools&lt;/a&gt;&lt;ul aria-labelledby=&quot;ToolsDropDown&quot; class=&quot;dropdown-menu&quot;&gt;&lt;li class=&quot;&quot;&gt;&lt;a class=&quot;dropdown-item&quot; href=&quot;/tools/base64-encode-decode&quot;&gt;Base64 Encode/Decode&lt;/a&gt;&lt;/li&gt;&lt;li class=&quot;&quot;&gt;&lt;a class=&quot;dropdown-item&quot; href=&quot;/tools/url-encode-decode&quot;&gt;Url Encode/Decode&lt;/a&gt;&lt;/li&gt;&lt;li class=&quot;&quot;&gt;&lt;a class=&quot;dropdown-item&quot; href=&quot;/tools/gcode-translator&quot;&gt;G-Code Translator&lt;/a&gt;&lt;/li&gt;&lt;/ul&gt;&lt;/li&gt;&lt;li class=&quot;nav-item&quot;&gt;&lt;a class=&quot;nav-link&quot; href=&quot;/consumer/login&quot;&gt;Login&lt;/a&gt;&lt;/li&gt;&lt;/ul&gt;&lt;/div&gt;&lt;/div&gt;&lt;/nav&gt;&lt;div class=&quot;container pt-3&quot;&gt;&lt;style type=&quot;text/css&quot;&gt;.code-text code {color: #bdbdbd;display: block;}.code-text code b {color: #81a2be;font-weight: 900;}.code-text code em {color: #b294bb;font-style: unset;}.code-text code i {color: #b5bd68;}.code-text code span {color: #f0c674;}&lt;/style&gt;&lt;div class=&quot;card text-white border-secondary bg-dark&quot;&gt;&lt;div class=&quot;card-header&quot;&gt;&lt;h1 class=&quot;card-title text-warning&quot;&gt;&lt;i class=&quot;fas fa-ghost text-white slide-right&quot;&gt;&lt;/i&gt; HTTP: Not Found &lt;/h1&gt;&lt;/div&gt;&lt;div class=&quot;card-body&quot;&gt;&lt;h3 class=&quot;leaad code-text&quot;&gt;&lt;code class=&quot;mb-3&quot;&gt;&lt;span&gt;this_page&lt;/span&gt;.&lt;em&gt;not_found&lt;/em&gt; = true&lt;/code&gt;&lt;/h3&gt;&lt;p class=&quot;lead code-text&quot;&gt;&lt;code class=&quot;mb-2&quot;&gt;&lt;span&gt;if&lt;/span&gt; &lt;b&gt;you_spelt_it_wrong&lt;/b&gt; &lt;br /&gt;&amp;nbsp;&amp;nbsp;&lt;span&gt;try_again&lt;/span&gt;&lt;br /&gt;&lt;/code&gt;&lt;code class=&quot;mb-2&quot;&gt;&lt;span&gt;elsif &lt;b&gt;we_screwed_up&lt;/b&gt;&lt;/span&gt; &lt;br /&gt;&amp;nbsp;&amp;nbsp;&lt;em&gt;print&lt;/em&gt; &lt;i&gt;&quot;We&apos;re really sorry about that.&quot;&lt;/i&gt;&lt;br/&gt;&lt;/code&gt;&lt;code class=&quot;mb-2&quot;&gt;&lt;span&gt;end&lt;/span&gt;&lt;/code&gt;&lt;code class=&quot;mb-2&quot;&gt;&lt;span&gt;redirect_to&lt;/span&gt; &lt;em&gt;home_page&lt;/em&gt;&lt;/code&gt;&lt;/p&gt;&lt;/div&gt;&lt;div class=&quot;card-footer&quot;&gt;&lt;p class=&quot;text-danger&quot;&gt;We are sorry, something went wrong. Please try again later.&lt;/p&gt;&lt;/div&gt;&lt;/div&gt;&lt;/div&gt;&lt;hr class=&quot;mt-5&quot; /&gt;&lt;div class=&quot;container&quot;&gt;&lt;div class=&quot;footer&quot;&gt;&lt;ul class=&quot;list-inline&quot;&gt;&lt;li class=&quot;list-inline-item&quot;&gt;&amp;copy; Go Rest 2025&lt;/li&gt;&lt;li class=&quot;list-inline-item float-lg-end&quot;&gt;&lt;a href=&quot;/privacy-policy&quot;&gt;Privacy Policy&lt;/a&gt;&lt;/li&gt;&lt;li class=&quot;list-inline-item float-lg-end me-3&quot;&gt;&lt;a href=&quot;/contact-us&quot;&gt;Contact Us&lt;/a&gt;&lt;/li&gt;&lt;/ul&gt;&lt;/div&gt;&lt;/div&gt;&lt;/body&gt;&lt;/html&gt;&#10;classpath:examples/todos/todos.feature:54&#10;status code was: 404, expected: 204, response time in milliseconds: 1313, url: https://gorest.co.in/public/v2/todos, response: &#10;&lt;!DOCTYPE html&gt;&lt;html&gt;&lt;head&gt;&lt;meta charset=&quot;utf-8&quot; /&gt;&lt;meta content=&quot;width=device-width, initial-scale=1, shrink-to-fit=no&quot; name=&quot;viewport&quot; /&gt;&lt;link href=&quot;/favicon.ico&quot; rel=&quot;icon&quot; type=&quot;image/x-icon&quot; /&gt;&lt;title&gt;Page Not Found | GO REST&lt;/title&gt;&lt;link rel=&quot;stylesheet&quot; href=&quot;/assets/application-908c2251d58be479b7fb209519b40235fa8b917357737796da9f4462eea8cabe.css&quot; media=&quot;all&quot; data-turbolinks-track=&quot;reload&quot; /&gt;&lt;script src=&quot;/packs/js/application-194ed409298f13f197d2.js&quot; data-turbolinks-track=&quot;reload&quot; defer=&quot;defer&quot;&gt;&lt;/script&gt;&lt;script async=&quot;true&quot; crossorigin=&quot;anonymous&quot; src=&quot;https://pagead2.googlesyndication.com/pagead/js/adsbygoogle.js?client=ca-pub-4400401340006140&quot;&gt;&lt;/script&gt;&lt;/head&gt;&lt;body&gt;&lt;nav class=&quot;navbar navbar-expand-lg navbar-dark bg-dark sticky-top&quot;&gt;&lt;div class=&quot;container&quot;&gt;&lt;a class=&quot;navbar-brand&quot; href=&quot;/&quot;&gt;&lt;i class=&quot;fas fa-exchange-alt&quot;&gt;&lt;/i&gt; Go REST&lt;/a&gt;&lt;button aria-controls=&quot;AppNavBar&quot; aria-expanded=&quot;false&quot; aria-label=&quot;Toggle navigation&quot; class=&quot;navbar-toggler&quot; data-bs-target=&quot;#AppNavBar&quot; data-bs-toggle=&quot;collapse&quot; type=&quot;button&quot;&gt;&lt;span class=&quot;navbar-toggler-icon&quot;&gt;&lt;/span&gt;&lt;/button&gt;&lt;div class=&quot;collapse navbar-collapse&quot; id=&quot;AppNavBar&quot;&gt;&lt;ul class=&quot;navbar-nav ms-auto&quot;&gt;&lt;li class=&quot;nav-item&quot;&gt;&lt;a class=&quot;nav-link&quot; href=&quot;/qa&quot;&gt;&lt;i class=&quot;fas fa-life-ring&quot;&gt;&lt;/i&gt; Help&lt;/a&gt;&lt;/li&gt;&lt;li class=&quot;nav-item&quot;&gt;&lt;a class=&quot;nav-link&quot; href=&quot;/rest-console&quot;&gt;&lt;i class=&quot;fab fa-linux&quot;&gt;&lt;/i&gt; Rest Console&lt;/a&gt;&lt;/li&gt;&lt;li class=&quot;nav-item dropdown&quot;&gt;&lt;a aria-expanded=&quot;false&quot; class=&quot;nav-link dropdown-toggle&quot; data-bs-toggle=&quot;dropdown&quot; href=&quot;#&quot; id=&quot;ToolsDropDown&quot; role=&quot;button&quot;&gt;&lt;i class=&quot;fas fa-tools&quot;&gt;&lt;/i&gt; Tools&lt;/a&gt;&lt;ul aria-labelledby=&quot;ToolsDropDown&quot; class=&quot;dropdown-menu&quot;&gt;&lt;li class=&quot;&quot;&gt;&lt;a class=&quot;dropdown-item&quot; href=&quot;/tools/base64-encode-decode&quot;&gt;Base64 Encode/Decode&lt;/a&gt;&lt;/li&gt;&lt;li class=&quot;&quot;&gt;&lt;a class=&quot;dropdown-item&quot; href=&quot;/tools/url-encode-decode&quot;&gt;Url Encode/Decode&lt;/a&gt;&lt;/li&gt;&lt;li class=&quot;&quot;&gt;&lt;a class=&quot;dropdown-item&quot; href=&quot;/tools/gcode-translator&quot;&gt;G-Code Translator&lt;/a&gt;&lt;/li&gt;&lt;/ul&gt;&lt;/li&gt;&lt;li class=&quot;nav-item&quot;&gt;&lt;a class=&quot;nav-link&quot; href=&quot;/consumer/login&quot;&gt;Login&lt;/a&gt;&lt;/li&gt;&lt;/ul&gt;&lt;/div&gt;&lt;/div&gt;&lt;/nav&gt;&lt;div class=&quot;container pt-3&quot;&gt;&lt;style type=&quot;text/css&quot;&gt;.code-text code {color: #bdbdbd;display: block;}.code-text code b {color: #81a2be;font-weight: 900;}.code-text code em {color: #b294bb;font-style: unset;}.code-text code i {color: #b5bd68;}.code-text code span {color: #f0c674;}&lt;/style&gt;&lt;div class=&quot;card text-white border-secondary bg-dark&quot;&gt;&lt;div class=&quot;card-header&quot;&gt;&lt;h1 class=&quot;card-title text-warning&quot;&gt;&lt;i class=&quot;fas fa-ghost text-white slide-right&quot;&gt;&lt;/i&gt; HTTP: Not Found &lt;/h1&gt;&lt;/div&gt;&lt;div class=&quot;card-body&quot;&gt;&lt;h3 class=&quot;leaad code-text&quot;&gt;&lt;code class=&quot;mb-3&quot;&gt;&lt;span&gt;this_page&lt;/span&gt;.&lt;em&gt;not_found&lt;/em&gt; = true&lt;/code&gt;&lt;/h3&gt;&lt;p class=&quot;lead code-text&quot;&gt;&lt;code class=&quot;mb-2&quot;&gt;&lt;span&gt;if&lt;/span&gt; &lt;b&gt;you_spelt_it_wrong&lt;/b&gt; &lt;br /&gt;&amp;nbsp;&amp;nbsp;&lt;span&gt;try_again&lt;/span&gt;&lt;br /&gt;&lt;/code&gt;&lt;code class=&quot;mb-2&quot;&gt;&lt;span&gt;elsif &lt;b&gt;we_screwed_up&lt;/b&gt;&lt;/span&gt; &lt;br /&gt;&amp;nbsp;&amp;nbsp;&lt;em&gt;print&lt;/em&gt; &lt;i&gt;&quot;We&apos;re really sorry about that.&quot;&lt;/i&gt;&lt;br/&gt;&lt;/code&gt;&lt;code class=&quot;mb-2&quot;&gt;&lt;span&gt;end&lt;/span&gt;&lt;/code&gt;&lt;code class=&quot;mb-2&quot;&gt;&lt;span&gt;redirect_to&lt;/span&gt; &lt;em&gt;home_page&lt;/em&gt;&lt;/code&gt;&lt;/p&gt;&lt;/div&gt;&lt;div class=&quot;card-footer&quot;&gt;&lt;p class=&quot;text-danger&quot;&gt;We are sorry, something went wrong. Please try again later.&lt;/p&gt;&lt;/div&gt;&lt;/div&gt;&lt;/div&gt;&lt;hr class=&quot;mt-5&quot; /&gt;&lt;div class=&quot;container&quot;&gt;&lt;div class=&quot;footer&quot;&gt;&lt;ul class=&quot;list-inline&quot;&gt;&lt;li class=&quot;list-inline-item&quot;&gt;&amp;copy; Go Rest 2025&lt;/li&gt;&lt;li class=&quot;list-inline-item float-lg-end&quot;&gt;&lt;a href=&quot;/privacy-policy&quot;&gt;Privacy Policy&lt;/a&gt;&lt;/li&gt;&lt;li class=&quot;list-inline-item float-lg-end me-3&quot;&gt;&lt;a href=&quot;/contact-us&quot;&gt;Contact Us&lt;/a&gt;&lt;/li&gt;&lt;/ul&gt;&lt;/div&gt;&lt;/div&gt;&lt;/body&gt;&lt;/html&gt;&#10;classpath:examples/todos/todos.feature:61&#10;match failed: EQUALS&#10;  $ | actual path does not exist (STRING:NULL)&#10;  &apos;#notpresent&apos;&#10;  null&#10;&#10;classpath:examples/user/user.feature:51&#10;status code was: 404, expected: 200, response time in milliseconds: 1298, url: https://gorest.co.in/public/v2/users, response: &#10;&lt;!DOCTYPE html&gt;&lt;html&gt;&lt;head&gt;&lt;meta charset=&quot;utf-8&quot; /&gt;&lt;meta content=&quot;width=device-width, initial-scale=1, shrink-to-fit=no&quot; name=&quot;viewport&quot; /&gt;&lt;link href=&quot;/favicon.ico&quot; rel=&quot;icon&quot; type=&quot;image/x-icon&quot; /&gt;&lt;title&gt;Page Not Found | GO REST&lt;/title&gt;&lt;link rel=&quot;stylesheet&quot; href=&quot;/assets/application-908c2251d58be479b7fb209519b40235fa8b917357737796da9f4462eea8cabe.css&quot; media=&quot;all&quot; data-turbolinks-track=&quot;reload&quot; /&gt;&lt;script src=&quot;/packs/js/application-194ed409298f13f197d2.js&quot; data-turbolinks-track=&quot;reload&quot; defer=&quot;defer&quot;&gt;&lt;/script&gt;&lt;script async=&quot;true&quot; crossorigin=&quot;anonymous&quot; src=&quot;https://pagead2.googlesyndication.com/pagead/js/adsbygoogle.js?client=ca-pub-4400401340006140&quot;&gt;&lt;/script&gt;&lt;/head&gt;&lt;body&gt;&lt;nav class=&quot;navbar navbar-expand-lg navbar-dark bg-dark sticky-top&quot;&gt;&lt;div class=&quot;container&quot;&gt;&lt;a class=&quot;navbar-brand&quot; href=&quot;/&quot;&gt;&lt;i class=&quot;fas fa-exchange-alt&quot;&gt;&lt;/i&gt; Go REST&lt;/a&gt;&lt;button aria-controls=&quot;AppNavBar&quot; aria-expanded=&quot;false&quot; aria-label=&quot;Toggle navigation&quot; class=&quot;navbar-toggler&quot; data-bs-target=&quot;#AppNavBar&quot; data-bs-toggle=&quot;collapse&quot; type=&quot;button&quot;&gt;&lt;span class=&quot;navbar-toggler-icon&quot;&gt;&lt;/span&gt;&lt;/button&gt;&lt;div class=&quot;collapse navbar-collapse&quot; id=&quot;AppNavBar&quot;&gt;&lt;ul class=&quot;navbar-nav ms-auto&quot;&gt;&lt;li class=&quot;nav-item&quot;&gt;&lt;a class=&quot;nav-link&quot; href=&quot;/qa&quot;&gt;&lt;i class=&quot;fas fa-life-ring&quot;&gt;&lt;/i&gt; Help&lt;/a&gt;&lt;/li&gt;&lt;li class=&quot;nav-item&quot;&gt;&lt;a class=&quot;nav-link&quot; href=&quot;/rest-console&quot;&gt;&lt;i class=&quot;fab fa-linux&quot;&gt;&lt;/i&gt; Rest Console&lt;/a&gt;&lt;/li&gt;&lt;li class=&quot;nav-item dropdown&quot;&gt;&lt;a aria-expanded=&quot;false&quot; class=&quot;nav-link dropdown-toggle&quot; data-bs-toggle=&quot;dropdown&quot; href=&quot;#&quot; id=&quot;ToolsDropDown&quot; role=&quot;button&quot;&gt;&lt;i class=&quot;fas fa-tools&quot;&gt;&lt;/i&gt; Tools&lt;/a&gt;&lt;ul aria-labelledby=&quot;ToolsDropDown&quot; class=&quot;dropdown-menu&quot;&gt;&lt;li class=&quot;&quot;&gt;&lt;a class=&quot;dropdown-item&quot; href=&quot;/tools/base64-encode-decode&quot;&gt;Base64 Encode/Decode&lt;/a&gt;&lt;/li&gt;&lt;li class=&quot;&quot;&gt;&lt;a class=&quot;dropdown-item&quot; href=&quot;/tools/url-encode-decode&quot;&gt;Url Encode/Decode&lt;/a&gt;&lt;/li&gt;&lt;li class=&quot;&quot;&gt;&lt;a class=&quot;dropdown-item&quot; href=&quot;/tools/gcode-translator&quot;&gt;G-Code Translator&lt;/a&gt;&lt;/li&gt;&lt;/ul&gt;&lt;/li&gt;&lt;li class=&quot;nav-item&quot;&gt;&lt;a class=&quot;nav-link&quot; href=&quot;/consumer/login&quot;&gt;Login&lt;/a&gt;&lt;/li&gt;&lt;/ul&gt;&lt;/div&gt;&lt;/div&gt;&lt;/nav&gt;&lt;div class=&quot;container pt-3&quot;&gt;&lt;style type=&quot;text/css&quot;&gt;.code-text code {color: #bdbdbd;display: block;}.code-text code b {color: #81a2be;font-weight: 900;}.code-text code em {color: #b294bb;font-style: unset;}.code-text code i {color: #b5bd68;}.code-text code span {color: #f0c674;}&lt;/style&gt;&lt;div class=&quot;card text-white border-secondary bg-dark&quot;&gt;&lt;div class=&quot;card-header&quot;&gt;&lt;h1 class=&quot;card-title text-warning&quot;&gt;&lt;i class=&quot;fas fa-ghost text-white slide-right&quot;&gt;&lt;/i&gt; HTTP: Not Found &lt;/h1&gt;&lt;/div&gt;&lt;div class=&quot;card-body&quot;&gt;&lt;h3 class=&quot;leaad code-text&quot;&gt;&lt;code class=&quot;mb-3&quot;&gt;&lt;span&gt;this_page&lt;/span&gt;.&lt;em&gt;not_found&lt;/em&gt; = true&lt;/code&gt;&lt;/h3&gt;&lt;p class=&quot;lead code-text&quot;&gt;&lt;code class=&quot;mb-2&quot;&gt;&lt;span&gt;if&lt;/span&gt; &lt;b&gt;you_spelt_it_wrong&lt;/b&gt; &lt;br /&gt;&amp;nbsp;&amp;nbsp;&lt;span&gt;try_again&lt;/span&gt;&lt;br /&gt;&lt;/code&gt;&lt;code class=&quot;mb-2&quot;&gt;&lt;span&gt;elsif &lt;b&gt;we_screwed_up&lt;/b&gt;&lt;/span&gt; &lt;br /&gt;&amp;nbsp;&amp;nbsp;&lt;em&gt;print&lt;/em&gt; &lt;i&gt;&quot;We&apos;re really sorry about that.&quot;&lt;/i&gt;&lt;br/&gt;&lt;/code&gt;&lt;code class=&quot;mb-2&quot;&gt;&lt;span&gt;end&lt;/span&gt;&lt;/code&gt;&lt;code class=&quot;mb-2&quot;&gt;&lt;span&gt;redirect_to&lt;/span&gt; &lt;em&gt;home_page&lt;/em&gt;&lt;/code&gt;&lt;/p&gt;&lt;/div&gt;&lt;div class=&quot;card-footer&quot;&gt;&lt;p class=&quot;text-danger&quot;&gt;We are sorry, something went wrong. Please try again later.&lt;/p&gt;&lt;/div&gt;&lt;/div&gt;&lt;/div&gt;&lt;hr class=&quot;mt-5&quot; /&gt;&lt;div class=&quot;container&quot;&gt;&lt;div class=&quot;footer&quot;&gt;&lt;ul class=&quot;list-inline&quot;&gt;&lt;li class=&quot;list-inline-item&quot;&gt;&amp;copy; Go Rest 2025&lt;/li&gt;&lt;li class=&quot;list-inline-item float-lg-end&quot;&gt;&lt;a href=&quot;/privacy-policy&quot;&gt;Privacy Policy&lt;/a&gt;&lt;/li&gt;&lt;li class=&quot;list-inline-item float-lg-end me-3&quot;&gt;&lt;a href=&quot;/contact-us&quot;&gt;Contact Us&lt;/a&gt;&lt;/li&gt;&lt;/ul&gt;&lt;/div&gt;&lt;/div&gt;&lt;/body&gt;&lt;/html&gt;&#10;classpath:examples/user/user.feature:67&#10;status code was: 404, expected: 204, response time in milliseconds: 1303, url: https://gorest.co.in/public/v2/users, response: &#10;&lt;!DOCTYPE html&gt;&lt;html&gt;&lt;head&gt;&lt;meta charset=&quot;utf-8&quot; /&gt;&lt;meta content=&quot;width=device-width, initial-scale=1, shrink-to-fit=no&quot; name=&quot;viewport&quot; /&gt;&lt;link href=&quot;/favicon.ico&quot; rel=&quot;icon&quot; type=&quot;image/x-icon&quot; /&gt;&lt;title&gt;Page Not Found | GO REST&lt;/title&gt;&lt;link rel=&quot;stylesheet&quot; href=&quot;/assets/application-908c2251d58be479b7fb209519b40235fa8b917357737796da9f4462eea8cabe.css&quot; media=&quot;all&quot; data-turbolinks-track=&quot;reload&quot; /&gt;&lt;script src=&quot;/packs/js/application-194ed409298f13f197d2.js&quot; data-turbolinks-track=&quot;reload&quot; defer=&quot;defer&quot;&gt;&lt;/script&gt;&lt;script async=&quot;true&quot; crossorigin=&quot;anonymous&quot; src=&quot;https://pagead2.googlesyndication.com/pagead/js/adsbygoogle.js?client=ca-pub-4400401340006140&quot;&gt;&lt;/script&gt;&lt;/head&gt;&lt;body&gt;&lt;nav class=&quot;navbar navbar-expand-lg navbar-dark bg-dark sticky-top&quot;&gt;&lt;div class=&quot;container&quot;&gt;&lt;a class=&quot;navbar-brand&quot; href=&quot;/&quot;&gt;&lt;i class=&quot;fas fa-exchange-alt&quot;&gt;&lt;/i&gt; Go REST&lt;/a&gt;&lt;button aria-controls=&quot;AppNavBar&quot; aria-expanded=&quot;false&quot; aria-label=&quot;Toggle navigation&quot; class=&quot;navbar-toggler&quot; data-bs-target=&quot;#AppNavBar&quot; data-bs-toggle=&quot;collapse&quot; type=&quot;button&quot;&gt;&lt;span class=&quot;navbar-toggler-icon&quot;&gt;&lt;/span&gt;&lt;/button&gt;&lt;div class=&quot;collapse navbar-collapse&quot; id=&quot;AppNavBar&quot;&gt;&lt;ul class=&quot;navbar-nav ms-auto&quot;&gt;&lt;li class=&quot;nav-item&quot;&gt;&lt;a class=&quot;nav-link&quot; href=&quot;/qa&quot;&gt;&lt;i class=&quot;fas fa-life-ring&quot;&gt;&lt;/i&gt; Help&lt;/a&gt;&lt;/li&gt;&lt;li class=&quot;nav-item&quot;&gt;&lt;a class=&quot;nav-link&quot; href=&quot;/rest-console&quot;&gt;&lt;i class=&quot;fab fa-linux&quot;&gt;&lt;/i&gt; Rest Console&lt;/a&gt;&lt;/li&gt;&lt;li class=&quot;nav-item dropdown&quot;&gt;&lt;a aria-expanded=&quot;false&quot; class=&quot;nav-link dropdown-toggle&quot; data-bs-toggle=&quot;dropdown&quot; href=&quot;#&quot; id=&quot;ToolsDropDown&quot; role=&quot;button&quot;&gt;&lt;i class=&quot;fas fa-tools&quot;&gt;&lt;/i&gt; Tools&lt;/a&gt;&lt;ul aria-labelledby=&quot;ToolsDropDown&quot; class=&quot;dropdown-menu&quot;&gt;&lt;li class=&quot;&quot;&gt;&lt;a class=&quot;dropdown-item&quot; href=&quot;/tools/base64-encode-decode&quot;&gt;Base64 Encode/Decode&lt;/a&gt;&lt;/li&gt;&lt;li class=&quot;&quot;&gt;&lt;a class=&quot;dropdown-item&quot; href=&quot;/tools/url-encode-decode&quot;&gt;Url Encode/Decode&lt;/a&gt;&lt;/li&gt;&lt;li class=&quot;&quot;&gt;&lt;a class=&quot;dropdown-item&quot; href=&quot;/tools/gcode-translator&quot;&gt;G-Code Translator&lt;/a&gt;&lt;/li&gt;&lt;/ul&gt;&lt;/li&gt;&lt;li class=&quot;nav-item&quot;&gt;&lt;a class=&quot;nav-link&quot; href=&quot;/consumer/login&quot;&gt;Login&lt;/a&gt;&lt;/li&gt;&lt;/ul&gt;&lt;/div&gt;&lt;/div&gt;&lt;/nav&gt;&lt;div class=&quot;container pt-3&quot;&gt;&lt;style type=&quot;text/css&quot;&gt;.code-text code {color: #bdbdbd;display: block;}.code-text code b {color: #81a2be;font-weight: 900;}.code-text code em {color: #b294bb;font-style: unset;}.code-text code i {color: #b5bd68;}.code-text code span {color: #f0c674;}&lt;/style&gt;&lt;div class=&quot;card text-white border-secondary bg-dark&quot;&gt;&lt;div class=&quot;card-header&quot;&gt;&lt;h1 class=&quot;card-title text-warning&quot;&gt;&lt;i class=&quot;fas fa-ghost text-white slide-right&quot;&gt;&lt;/i&gt; HTTP: Not Found &lt;/h1&gt;&lt;/div&gt;&lt;div class=&quot;card-body&quot;&gt;&lt;h3 class=&quot;leaad code-text&quot;&gt;&lt;code class=&quot;mb-3&quot;&gt;&lt;span&gt;this_page&lt;/span&gt;.&lt;em&gt;not_found&lt;/em&gt; = true&lt;/code&gt;&lt;/h3&gt;&lt;p class=&quot;lead code-text&quot;&gt;&lt;code class=&quot;mb-2&quot;&gt;&lt;span&gt;if&lt;/span&gt; &lt;b&gt;you_spelt_it_wrong&lt;/b&gt; &lt;br /&gt;&amp;nbsp;&amp;nbsp;&lt;span&gt;try_again&lt;/span&gt;&lt;br /&gt;&lt;/code&gt;&lt;code class=&quot;mb-2&quot;&gt;&lt;span&gt;elsif &lt;b&gt;we_screwed_up&lt;/b&gt;&lt;/span&gt; &lt;br /&gt;&amp;nbsp;&amp;nbsp;&lt;em&gt;print&lt;/em&gt; &lt;i&gt;&quot;We&apos;re really sorry about that.&quot;&lt;/i&gt;&lt;br/&gt;&lt;/code&gt;&lt;code class=&quot;mb-2&quot;&gt;&lt;span&gt;end&lt;/span&gt;&lt;/code&gt;&lt;code class=&quot;mb-2&quot;&gt;&lt;span&gt;redirect_to&lt;/span&gt; &lt;em&gt;home_page&lt;/em&gt;&lt;/code&gt;&lt;/p&gt;&lt;/div&gt;&lt;div class=&quot;card-footer&quot;&gt;&lt;p class=&quot;text-danger&quot;&gt;We are sorry, something went wrong. Please try again later.&lt;/p&gt;&lt;/div&gt;&lt;/div&gt;&lt;/div&gt;&lt;hr class=&quot;mt-5&quot; /&gt;&lt;div class=&quot;container&quot;&gt;&lt;div class=&quot;footer&quot;&gt;&lt;ul class=&quot;list-inline&quot;&gt;&lt;li class=&quot;list-inline-item&quot;&gt;&amp;copy; Go Rest 2025&lt;/li&gt;&lt;li class=&quot;list-inline-item float-lg-end&quot;&gt;&lt;a href=&quot;/privacy-policy&quot;&gt;Privacy Policy&lt;/a&gt;&lt;/li&gt;&lt;li class=&quot;list-inline-item float-lg-end me-3&quot;&gt;&lt;a href=&quot;/contact-us&quot;&gt;Contact Us&lt;/a&gt;&lt;/li&gt;&lt;/ul&gt;&lt;/div&gt;&lt;/div&gt;&lt;/body&gt;&lt;/html&gt;&#10;classpath:examples/user/user.feature:74&#10;invalid variable name: examples.user&#10;classpath:examples/users/users.feature:19 ==&gt; expected: &lt;0&gt; but was: &lt;13&gt;" type="org.opentest4j.AssertionFailedError"><![CDATA[org.opentest4j.AssertionFailedError: 
status code was: 404, expected: 201, response time in milliseconds: 1632, url: https://gorest.co.in/public/v2/posts/comments, response: 
<!DOCTYPE html><html><head><meta charset="utf-8" /><meta content="width=device-width, initial-scale=1, shrink-to-fit=no" name="viewport" /><link href="/favicon.ico" rel="icon" type="image/x-icon" /><title>Page Not Found | GO REST</title><link rel="stylesheet" href="/assets/application-908c2251d58be479b7fb209519b40235fa8b917357737796da9f4462eea8cabe.css" media="all" data-turbolinks-track="reload" /><script src="/packs/js/application-194ed409298f13f197d2.js" data-turbolinks-track="reload" defer="defer"></script><script async="true" crossorigin="anonymous" src="https://pagead2.googlesyndication.com/pagead/js/adsbygoogle.js?client=ca-pub-4400401340006140"></script></head><body><nav class="navbar navbar-expand-lg navbar-dark bg-dark sticky-top"><div class="container"><a class="navbar-brand" href="/"><i class="fas fa-exchange-alt"></i> Go REST</a><button aria-controls="AppNavBar" aria-expanded="false" aria-label="Toggle navigation" class="navbar-toggler" data-bs-target="#AppNavBar" data-bs-toggle="collapse" type="button"><span class="navbar-toggler-icon"></span></button><div class="collapse navbar-collapse" id="AppNavBar"><ul class="navbar-nav ms-auto"><li class="nav-item"><a class="nav-link" href="/qa"><i class="fas fa-life-ring"></i> Help</a></li><li class="nav-item"><a class="nav-link" href="/rest-console"><i class="fab fa-linux"></i> Rest Console</a></li><li class="nav-item dropdown"><a aria-expanded="false" class="nav-link dropdown-toggle" data-bs-toggle="dropdown" href="#" id="ToolsDropDown" role="button"><i class="fas fa-tools"></i> Tools</a><ul aria-labelledby="ToolsDropDown" class="dropdown-menu"><li class=""><a class="dropdown-item" href="/tools/base64-encode-decode">Base64 Encode/Decode</a></li><li class=""><a class="dropdown-item" href="/tools/url-encode-decode">Url Encode/Decode</a></li><li class=""><a class="dropdown-item" href="/tools/gcode-translator">G-Code Translator</a></li></ul></li><li class="nav-item"><a class="nav-link" href="/consumer/login">Login</a></li></ul></div></div></nav><div class="container pt-3"><style type="text/css">.code-text code {color: #bdbdbd;display: block;}.code-text code b {color: #81a2be;font-weight: 900;}.code-text code em {color: #b294bb;font-style: unset;}.code-text code i {color: #b5bd68;}.code-text code span {color: #f0c674;}</style><div class="card text-white border-secondary bg-dark"><div class="card-header"><h1 class="card-title text-warning"><i class="fas fa-ghost text-white slide-right"></i> HTTP: Not Found </h1></div><div class="card-body"><h3 class="leaad code-text"><code class="mb-3"><span>this_page</span>.<em>not_found</em> = true</code></h3><p class="lead code-text"><code class="mb-2"><span>if</span> <b>you_spelt_it_wrong</b> <br />&nbsp;&nbsp;<span>try_again</span><br /></code><code class="mb-2"><span>elsif <b>we_screwed_up</b></span> <br />&nbsp;&nbsp;<em>print</em> <i>"We're really sorry about that."</i><br/></code><code class="mb-2"><span>end</span></code><code class="mb-2"><span>redirect_to</span> <em>home_page</em></code></p></div><div class="card-footer"><p class="text-danger">We are sorry, something went wrong. Please try again later.</p></div></div></div><hr class="mt-5" /><div class="container"><div class="footer"><ul class="list-inline"><li class="list-inline-item">&copy; Go Rest 2025</li><li class="list-inline-item float-lg-end"><a href="/privacy-policy">Privacy Policy</a></li><li class="list-inline-item float-lg-end me-3"><a href="/contact-us">Contact Us</a></li></ul></div></div></body></html>
classpath:examples/comments/comments.feature:22
status code was: 404, expected: 200, response time in milliseconds: 1632, url: https://gorest.co.in/public/v2/comments, response: 
<!DOCTYPE html><html><head><meta charset="utf-8" /><meta content="width=device-width, initial-scale=1, shrink-to-fit=no" name="viewport" /><link href="/favicon.ico" rel="icon" type="image/x-icon" /><title>Page Not Found | GO REST</title><link rel="stylesheet" href="/assets/application-908c2251d58be479b7fb209519b40235fa8b917357737796da9f4462eea8cabe.css" media="all" data-turbolinks-track="reload" /><script src="/packs/js/application-194ed409298f13f197d2.js" data-turbolinks-track="reload" defer="defer"></script><script async="true" crossorigin="anonymous" src="https://pagead2.googlesyndication.com/pagead/js/adsbygoogle.js?client=ca-pub-4400401340006140"></script></head><body><nav class="navbar navbar-expand-lg navbar-dark bg-dark sticky-top"><div class="container"><a class="navbar-brand" href="/"><i class="fas fa-exchange-alt"></i> Go REST</a><button aria-controls="AppNavBar" aria-expanded="false" aria-label="Toggle navigation" class="navbar-toggler" data-bs-target="#AppNavBar" data-bs-toggle="collapse" type="button"><span class="navbar-toggler-icon"></span></button><div class="collapse navbar-collapse" id="AppNavBar"><ul class="navbar-nav ms-auto"><li class="nav-item"><a class="nav-link" href="/qa"><i class="fas fa-life-ring"></i> Help</a></li><li class="nav-item"><a class="nav-link" href="/rest-console"><i class="fab fa-linux"></i> Rest Console</a></li><li class="nav-item dropdown"><a aria-expanded="false" class="nav-link dropdown-toggle" data-bs-toggle="dropdown" href="#" id="ToolsDropDown" role="button"><i class="fas fa-tools"></i> Tools</a><ul aria-labelledby="ToolsDropDown" class="dropdown-menu"><li class=""><a class="dropdown-item" href="/tools/base64-encode-decode">Base64 Encode/Decode</a></li><li class=""><a class="dropdown-item" href="/tools/url-encode-decode">Url Encode/Decode</a></li><li class=""><a class="dropdown-item" href="/tools/gcode-translator">G-Code Translator</a></li></ul></li><li class="nav-item"><a class="nav-link" href="/consumer/login">Login</a></li></ul></div></div></nav><div class="container pt-3"><style type="text/css">.code-text code {color: #bdbdbd;display: block;}.code-text code b {color: #81a2be;font-weight: 900;}.code-text code em {color: #b294bb;font-style: unset;}.code-text code i {color: #b5bd68;}.code-text code span {color: #f0c674;}</style><div class="card text-white border-secondary bg-dark"><div class="card-header"><h1 class="card-title text-warning"><i class="fas fa-ghost text-white slide-right"></i> HTTP: Not Found </h1></div><div class="card-body"><h3 class="leaad code-text"><code class="mb-3"><span>this_page</span>.<em>not_found</em> = true</code></h3><p class="lead code-text"><code class="mb-2"><span>if</span> <b>you_spelt_it_wrong</b> <br />&nbsp;&nbsp;<span>try_again</span><br /></code><code class="mb-2"><span>elsif <b>we_screwed_up</b></span> <br />&nbsp;&nbsp;<em>print</em> <i>"We're really sorry about that."</i><br/></code><code class="mb-2"><span>end</span></code><code class="mb-2"><span>redirect_to</span> <em>home_page</em></code></p></div><div class="card-footer"><p class="text-danger">We are sorry, something went wrong. Please try again later.</p></div></div></div><hr class="mt-5" /><div class="container"><div class="footer"><ul class="list-inline"><li class="list-inline-item">&copy; Go Rest 2025</li><li class="list-inline-item float-lg-end"><a href="/privacy-policy">Privacy Policy</a></li><li class="list-inline-item float-lg-end me-3"><a href="/contact-us">Contact Us</a></li></ul></div></div></body></html>
classpath:examples/comments/comments.feature:48
status code was: 404, expected: 204, response time in milliseconds: 1657, url: https://gorest.co.in/public/v2/comments, response: 
<!DOCTYPE html><html><head><meta charset="utf-8" /><meta content="width=device-width, initial-scale=1, shrink-to-fit=no" name="viewport" /><link href="/favicon.ico" rel="icon" type="image/x-icon" /><title>Page Not Found | GO REST</title><link rel="stylesheet" href="/assets/application-908c2251d58be479b7fb209519b40235fa8b917357737796da9f4462eea8cabe.css" media="all" data-turbolinks-track="reload" /><script src="/packs/js/application-194ed409298f13f197d2.js" data-turbolinks-track="reload" defer="defer"></script><script async="true" crossorigin="anonymous" src="https://pagead2.googlesyndication.com/pagead/js/adsbygoogle.js?client=ca-pub-4400401340006140"></script></head><body><nav class="navbar navbar-expand-lg navbar-dark bg-dark sticky-top"><div class="container"><a class="navbar-brand" href="/"><i class="fas fa-exchange-alt"></i> Go REST</a><button aria-controls="AppNavBar" aria-expanded="false" aria-label="Toggle navigation" class="navbar-toggler" data-bs-target="#AppNavBar" data-bs-toggle="collapse" type="button"><span class="navbar-toggler-icon"></span></button><div class="collapse navbar-collapse" id="AppNavBar"><ul class="navbar-nav ms-auto"><li class="nav-item"><a class="nav-link" href="/qa"><i class="fas fa-life-ring"></i> Help</a></li><li class="nav-item"><a class="nav-link" href="/rest-console"><i class="fab fa-linux"></i> Rest Console</a></li><li class="nav-item dropdown"><a aria-expanded="false" class="nav-link dropdown-toggle" data-bs-toggle="dropdown" href="#" id="ToolsDropDown" role="button"><i class="fas fa-tools"></i> Tools</a><ul aria-labelledby="ToolsDropDown" class="dropdown-menu"><li class=""><a class="dropdown-item" href="/tools/base64-encode-decode">Base64 Encode/Decode</a></li><li class=""><a class="dropdown-item" href="/tools/url-encode-decode">Url Encode/Decode</a></li><li class=""><a class="dropdown-item" href="/tools/gcode-translator">G-Code Translator</a></li></ul></li><li class="nav-item"><a class="nav-link" href="/consumer/login">Login</a></li></ul></div></div></nav><div class="container pt-3"><style type="text/css">.code-text code {color: #bdbdbd;display: block;}.code-text code b {color: #81a2be;font-weight: 900;}.code-text code em {color: #b294bb;font-style: unset;}.code-text code i {color: #b5bd68;}.code-text code span {color: #f0c674;}</style><div class="card text-white border-secondary bg-dark"><div class="card-header"><h1 class="card-title text-warning"><i class="fas fa-ghost text-white slide-right"></i> HTTP: Not Found </h1></div><div class="card-body"><h3 class="leaad code-text"><code class="mb-3"><span>this_page</span>.<em>not_found</em> = true</code></h3><p class="lead code-text"><code class="mb-2"><span>if</span> <b>you_spelt_it_wrong</b> <br />&nbsp;&nbsp;<span>try_again</span><br /></code><code class="mb-2"><span>elsif <b>we_screwed_up</b></span> <br />&nbsp;&nbsp;<em>print</em> <i>"We're really sorry about that."</i><br/></code><code class="mb-2"><span>end</span></code><code class="mb-2"><span>redirect_to</span> <em>home_page</em></code></p></div><div class="card-footer"><p class="text-danger">We are sorry, something went wrong. Please try again later.</p></div></div></div><hr class="mt-5" /><div class="container"><div class="footer"><ul class="list-inline"><li class="list-inline-item">&copy; Go Rest 2025</li><li class="list-inline-item float-lg-end"><a href="/privacy-policy">Privacy Policy</a></li><li class="list-inline-item float-lg-end me-3"><a href="/contact-us">Contact Us</a></li></ul></div></div></body></html>
classpath:examples/comments/comments.feature:55
status code was: 404, expected: 201, response time in milliseconds: 1291, url: https://gorest.co.in/public/v2/users/posts, response: 
<!DOCTYPE html><html><head><meta charset="utf-8" /><meta content="width=device-width, initial-scale=1, shrink-to-fit=no" name="viewport" /><link href="/favicon.ico" rel="icon" type="image/x-icon" /><title>Page Not Found | GO REST</title><link rel="stylesheet" href="/assets/application-908c2251d58be479b7fb209519b40235fa8b917357737796da9f4462eea8cabe.css" media="all" data-turbolinks-track="reload" /><script src="/packs/js/application-194ed409298f13f197d2.js" data-turbolinks-track="reload" defer="defer"></script><script async="true" crossorigin="anonymous" src="https://pagead2.googlesyndication.com/pagead/js/adsbygoogle.js?client=ca-pub-4400401340006140"></script></head><body><nav class="navbar navbar-expand-lg navbar-dark bg-dark sticky-top"><div class="container"><a class="navbar-brand" href="/"><i class="fas fa-exchange-alt"></i> Go REST</a><button aria-controls="AppNavBar" aria-expanded="false" aria-label="Toggle navigation" class="navbar-toggler" data-bs-target="#AppNavBar" data-bs-toggle="collapse" type="button"><span class="navbar-toggler-icon"></span></button><div class="collapse navbar-collapse" id="AppNavBar"><ul class="navbar-nav ms-auto"><li class="nav-item"><a class="nav-link" href="/qa"><i class="fas fa-life-ring"></i> Help</a></li><li class="nav-item"><a class="nav-link" href="/rest-console"><i class="fab fa-linux"></i> Rest Console</a></li><li class="nav-item dropdown"><a aria-expanded="false" class="nav-link dropdown-toggle" data-bs-toggle="dropdown" href="#" id="ToolsDropDown" role="button"><i class="fas fa-tools"></i> Tools</a><ul aria-labelledby="ToolsDropDown" class="dropdown-menu"><li class=""><a class="dropdown-item" href="/tools/base64-encode-decode">Base64 Encode/Decode</a></li><li class=""><a class="dropdown-item" href="/tools/url-encode-decode">Url Encode/Decode</a></li><li class=""><a class="dropdown-item" href="/tools/gcode-translator">G-Code Translator</a></li></ul></li><li class="nav-item"><a class="nav-link" href="/consumer/login">Login</a></li></ul></div></div></nav><div class="container pt-3"><style type="text/css">.code-text code {color: #bdbdbd;display: block;}.code-text code b {color: #81a2be;font-weight: 900;}.code-text code em {color: #b294bb;font-style: unset;}.code-text code i {color: #b5bd68;}.code-text code span {color: #f0c674;}</style><div class="card text-white border-secondary bg-dark"><div class="card-header"><h1 class="card-title text-warning"><i class="fas fa-ghost text-white slide-right"></i> HTTP: Not Found </h1></div><div class="card-body"><h3 class="leaad code-text"><code class="mb-3"><span>this_page</span>.<em>not_found</em> = true</code></h3><p class="lead code-text"><code class="mb-2"><span>if</span> <b>you_spelt_it_wrong</b> <br />&nbsp;&nbsp;<span>try_again</span><br /></code><code class="mb-2"><span>elsif <b>we_screwed_up</b></span> <br />&nbsp;&nbsp;<em>print</em> <i>"We're really sorry about that."</i><br/></code><code class="mb-2"><span>end</span></code><code class="mb-2"><span>redirect_to</span> <em>home_page</em></code></p></div><div class="card-footer"><p class="text-danger">We are sorry, something went wrong. Please try again later.</p></div></div></div><hr class="mt-5" /><div class="container"><div class="footer"><ul class="list-inline"><li class="list-inline-item">&copy; Go Rest 2025</li><li class="list-inline-item float-lg-end"><a href="/privacy-policy">Privacy Policy</a></li><li class="list-inline-item float-lg-end me-3"><a href="/contact-us">Contact Us</a></li></ul></div></div></body></html>
classpath:examples/posts/posts.feature:27
status code was: 404, expected: 200, response time in milliseconds: 1298, url: https://gorest.co.in/public/v2/posts, response: 
<!DOCTYPE html><html><head><meta charset="utf-8" /><meta content="width=device-width, initial-scale=1, shrink-to-fit=no" name="viewport" /><link href="/favicon.ico" rel="icon" type="image/x-icon" /><title>Page Not Found | GO REST</title><link rel="stylesheet" href="/assets/application-908c2251d58be479b7fb209519b40235fa8b917357737796da9f4462eea8cabe.css" media="all" data-turbolinks-track="reload" /><script src="/packs/js/application-194ed409298f13f197d2.js" data-turbolinks-track="reload" defer="defer"></script><script async="true" crossorigin="anonymous" src="https://pagead2.googlesyndication.com/pagead/js/adsbygoogle.js?client=ca-pub-4400401340006140"></script></head><body><nav class="navbar navbar-expand-lg navbar-dark bg-dark sticky-top"><div class="container"><a class="navbar-brand" href="/"><i class="fas fa-exchange-alt"></i> Go REST</a><button aria-controls="AppNavBar" aria-expanded="false" aria-label="Toggle navigation" class="navbar-toggler" data-bs-target="#AppNavBar" data-bs-toggle="collapse" type="button"><span class="navbar-toggler-icon"></span></button><div class="collapse navbar-collapse" id="AppNavBar"><ul class="navbar-nav ms-auto"><li class="nav-item"><a class="nav-link" href="/qa"><i class="fas fa-life-ring"></i> Help</a></li><li class="nav-item"><a class="nav-link" href="/rest-console"><i class="fab fa-linux"></i> Rest Console</a></li><li class="nav-item dropdown"><a aria-expanded="false" class="nav-link dropdown-toggle" data-bs-toggle="dropdown" href="#" id="ToolsDropDown" role="button"><i class="fas fa-tools"></i> Tools</a><ul aria-labelledby="ToolsDropDown" class="dropdown-menu"><li class=""><a class="dropdown-item" href="/tools/base64-encode-decode">Base64 Encode/Decode</a></li><li class=""><a class="dropdown-item" href="/tools/url-encode-decode">Url Encode/Decode</a></li><li class=""><a class="dropdown-item" href="/tools/gcode-translator">G-Code Translator</a></li></ul></li><li class="nav-item"><a class="nav-link" href="/consumer/login">Login</a></li></ul></div></div></nav><div class="container pt-3"><style type="text/css">.code-text code {color: #bdbdbd;display: block;}.code-text code b {color: #81a2be;font-weight: 900;}.code-text code em {color: #b294bb;font-style: unset;}.code-text code i {color: #b5bd68;}.code-text code span {color: #f0c674;}</style><div class="card text-white border-secondary bg-dark"><div class="card-header"><h1 class="card-title text-warning"><i class="fas fa-ghost text-white slide-right"></i> HTTP: Not Found </h1></div><div class="card-body"><h3 class="leaad code-text"><code class="mb-3"><span>this_page</span>.<em>not_found</em> = true</code></h3><p class="lead code-text"><code class="mb-2"><span>if</span> <b>you_spelt_it_wrong</b> <br />&nbsp;&nbsp;<span>try_again</span><br /></code><code class="mb-2"><span>elsif <b>we_screwed_up</b></span> <br />&nbsp;&nbsp;<em>print</em> <i>"We're really sorry about that."</i><br/></code><code class="mb-2"><span>end</span></code><code class="mb-2"><span>redirect_to</span> <em>home_page</em></code></p></div><div class="card-footer"><p class="text-danger">We are sorry, something went wrong. Please try again later.</p></div></div></div><hr class="mt-5" /><div class="container"><div class="footer"><ul class="list-inline"><li class="list-inline-item">&copy; Go Rest 2025</li><li class="list-inline-item float-lg-end"><a href="/privacy-policy">Privacy Policy</a></li><li class="list-inline-item float-lg-end me-3"><a href="/contact-us">Contact Us</a></li></ul></div></div></body></html>
classpath:examples/posts/posts.feature:50
status code was: 404, expected: 204, response time in milliseconds: 1307, url: https://gorest.co.in/public/v2/posts, response: 
[...]
classpath:examples/posts/posts.feature:57
status code was: 404, expected: 201, response time in milliseconds: 1339, url: https://gorest.co.in/public/v2/users/todos, response: 
<!DOCTYPE html><html><head><meta charset="utf-8" /><meta content="width=device-width, initial-scale=1, shrink-to-fit=no" name="viewport" /><link href="/favicon.ico" rel="icon" type="image/x-icon" /><title>Page Not Found | GO REST</title><link rel="stylesheet" href="/assets/application-908c2251d58be479b7fb209519b40235fa8b917357737796da9f4462eea8cabe.css" media="all" data-turbolinks-track="reload" /><script src="/packs/js/application-194ed409298f13f197d2.js" data-turbolinks-track="reload" defer="defer"></script><script async="true" crossorigin="anonymous" src="https://pagead2.googlesyndication.com/pagead/js/adsbygoogle.js?client=ca-pub-4400401340006140"></script></head><body><nav class="navbar navbar-expand-lg navbar-dark bg-dark sticky-top"><div class="container"><a class="navbar-brand" href="/"><i class="fas fa-exchange-alt"></i> Go REST</a><button aria-controls="AppNavBar" aria-expanded="false" aria-label="Toggle navigation" class="navbar-toggler" data-bs-target="#AppNavBar" data-bs-toggle="collapse" type="button"><span class="navbar-toggler-icon"></span></button><div class="collapse navbar-collapse" id="AppNavBar"><ul class="navbar-nav ms-auto"><li class="nav-item"><a class="nav-link" href="/qa"><i class="fas fa-life-ring"></i> Help</a></li><li class="nav-item"><a class="nav-link" href="/rest-console"><i class="fab fa-linux"></i> Rest Console</a></li><li class="nav-item dropdown"><a aria-expanded="false" class="nav-link dropdown-toggle" data-bs-toggle="dropdown" href="#" id="ToolsDropDown" role="button"><i class="fas fa-tools"></i> Tools</a><ul aria-labelledby="ToolsDropDown" class="dropdown-menu"><li class=""><a class="dropdown-item" href="/tools/base64-encode-decode">Base64 Encode/Decode</a></li><li class=""><a class="dropdown-item" href="/tools/url-encode-decode">Url Encode/Decode</a></li><li class=""><a class="dropdown-item" href="/tools/gcode-translator">G-Code Translator</a></li></ul></li><li class="nav-item"><a class="nav-link" href="/consumer/login">Login</a></li></ul></div></div></nav><div class="container pt-3"><style type="text/css">.code-text code {color: #bdbdbd;display: block;}.code-text code b {color: #81a2be;font-weight: 900;}.code-text code em {color: #b294bb;font-style: unset;}.code-text code i {color: #b5bd68;}.code-text code span {color: #f0c674;}</style><div class="card text-white border-secondary bg-dark"><div class="card-header"><h1 class="card-title text-warning"><i class="fas fa-ghost text-white slide-right"></i> HTTP: Not Found </h1></div><div class="card-body"><h3 class="leaad code-text"><code class="mb-3"><span>this_page</span>.<em>not_found</em> = true</code></h3><p class="lead code-text"><code class="mb-2"><span>if</span> <b>you_spelt_it_wrong</b> <br />&nbsp;&nbsp;<span>try_again</span><br /></code><code class="mb-2"><span>elsif <b>we_screwed_up</b></span> <br />&nbsp;&nbsp;<em>print</em> <i>"We're really sorry about that."</i><br/></code><code class="mb-2"><span>end</span></code><code class="mb-2"><span>redirect_to</span> <em>home_page</em></code></p></div><div class="card-footer"><p class="text-danger">We are sorry, something went wrong. Please try again later.</p></div></div></div><hr class="mt-5" /><div class="container"><div class="footer"><ul class="list-inline"><li class="list-inline-item">&copy; Go Rest 2025</li><li class="list-inline-item float-lg-end"><a href="/privacy-policy">Privacy Policy</a></li><li class="list-inline-item float-lg-end me-3"><a href="/contact-us">Contact Us</a></li></ul></div></div></body></html>
classpath:examples/todos/todos.feature:22
status code was: 404, expected: 200, response time in milliseconds: 1330, url: https://gorest.co.in/public/v2/todos, response: 
<!DOCTYPE html><html><head><meta charset="utf-8" /><meta content="width=device-width, initial-scale=1, shrink-to-fit=no" name="viewport" /><link href="/favicon.ico" rel="icon" type="image/x-icon" /><title>Page Not Found | GO REST</title><link rel="stylesheet" href="/assets/application-908c2251d58be479b7fb209519b40235fa8b917357737796da9f4462eea8cabe.css" media="all" data-turbolinks-track="reload" /><script src="/packs/js/application-194ed409298f13f197d2.js" data-turbolinks-track="reload" defer="defer"></script><script async="true" crossorigin="anonymous" src="https://pagead2.googlesyndication.com/pagead/js/adsbygoogle.js?client=ca-pub-4400401340006140"></script></head><body><nav class="navbar navbar-expand-lg navbar-dark bg-dark sticky-top"><div class="container"><a class="navbar-brand" href="/"><i class="fas fa-exchange-alt"></i> Go REST</a><button aria-controls="AppNavBar" aria-expanded="false" aria-label="Toggle navigation" class="navbar-toggler" data-bs-target="#AppNavBar" data-bs-toggle="collapse" type="button"><span class="navbar-toggler-icon"></span></button><div class="collapse navbar-collapse" id="AppNavBar"><ul class="navbar-nav ms-auto"><li class="nav-item"><a class="nav-link" href="/qa"><i class="fas fa-life-ring"></i> Help</a></li><li class="nav-item"><a class="nav-link" href="/rest-console"><i class="fab fa-linux"></i> Rest Console</a></li><li class="nav-item dropdown"><a aria-expanded="false" class="nav-link dropdown-toggle" data-bs-toggle="dropdown" href="#" id="ToolsDropDown" role="button"><i class="fas fa-tools"></i> Tools</a><ul aria-labelledby="ToolsDropDown" class="dropdown-menu"><li class=""><a class="dropdown-item" href="/tools/base64-encode-decode">Base64 Encode/Decode</a></li><li class=""><a class="dropdown-item" href="/tools/url-encode-decode">Url Encode/Decode</a></li><li class=""><a class="dropdown-item" href="/tools/gcode-translator">G-Code Translator</a></li></ul></li><li class="nav-item"><a class="nav-link" href="/consumer/login">Login</a></li></ul></div></div></nav><div class="container pt-3"><style type="text/css">.code-text code {color: #bdbdbd;display: block;}.code-text code b {color: #81a2be;font-weight: 900;}.code-text code em {color: #b294bb;font-style: unset;}.code-text code i {color: #b5bd68;}.code-text code span {color: #f0c674;}</style><div class="card text-white border-secondary bg-dark"><div class="card-header"><h1 class="card-title text-warning"><i class="fas fa-ghost text-white slide-right"></i> HTTP: Not Found </h1></div><div class="card-body"><h3 class="leaad code-text"><code class="mb-3"><span>this_page</span>.<em>not_found</em> = true</code></h3><p class="lead code-text"><code class="mb-2"><span>if</span> <b>you_spelt_it_wrong</b> <br />&nbsp;&nbsp;<span>try_again</span><br /></code><code class="mb-2"><span>elsif <b>we_screwed_up</b></span> <br />&nbsp;&nbsp;<em>print</em> <i>"We're really sorry about that."</i><br/></code><code class="mb-2"><span>end</span></code><code class="mb-2"><span>redirect_to</span> <em>home_page</em></code></p></div><div class="card-footer"><p class="text-danger">We are sorry, something went wrong. Please try again later.</p></div></div></div><hr class="mt-5" /><div class="container"><div class="footer"><ul class="list-inline"><li class="list-inline-item">&copy; Go Rest 2025</li><li class="list-inline-item float-lg-end"><a href="/privacy-policy">Privacy Policy</a></li><li class="list-inline-item float-lg-end me-3"><a href="/contact-us">Contact Us</a></li></ul></div></div></body></html>
classpath:examples/todos/todos.feature:54
status code was: 404, expected: 204, response time in milliseconds: 1313, url: https://gorest.co.in/public/v2/todos, response: 
<!DOCTYPE html><html><head><meta charset="utf-8" /><meta content="width=device-width, initial-scale=1, shrink-to-fit=no" name="viewport" /><link href="/favicon.ico" rel="icon" type="image/x-icon" /><title>Page Not Found | GO REST</title><link rel="stylesheet" href="/assets/application-908c2251d58be479b7fb209519b40235fa8b917357737796da9f4462eea8cabe.css" media="all" data-turbolinks-track="reload" /><script src="/packs/js/application-194ed409298f13f197d2.js" data-turbolinks-track="reload" defer="defer"></script><script async="true" crossorigin="anonymous" src="https://pagead2.googlesyndication.com/pagead/js/adsbygoogle.js?client=ca-pub-4400401340006140"></script></head><body><nav class="navbar navbar-expand-lg navbar-dark bg-dark sticky-top"><div class="container"><a class="navbar-brand" href="/"><i class="fas fa-exchange-alt"></i> Go REST</a><button aria-controls="AppNavBar" aria-expanded="false" aria-label="Toggle navigation" class="navbar-toggler" data-bs-target="#AppNavBar" data-bs-toggle="collapse" type="button"><span class="navbar-toggler-icon"></span></button><div class="collapse navbar-collapse" id="AppNavBar"><ul class="navbar-nav ms-auto"><li class="nav-item"><a class="nav-link" href="/qa"><i class="fas fa-life-ring"></i> Help</a></li><li class="nav-item"><a class="nav-link" href="/rest-console"><i class="fab fa-linux"></i> Rest Console</a></li><li class="nav-item dropdown"><a aria-expanded="false" class="nav-link dropdown-toggle" data-bs-toggle="dropdown" href="#" id="ToolsDropDown" role="button"><i class="fas fa-tools"></i> Tools</a><ul aria-labelledby="ToolsDropDown" class="dropdown-menu"><li class=""><a class="dropdown-item" href="/tools/base64-encode-decode">Base64 Encode/Decode</a></li><li class=""><a class="dropdown-item" href="/tools/url-encode-decode">Url Encode/Decode</a></li><li class=""><a class="dropdown-item" href="/tools/gcode-translator">G-Code Translator</a></li></ul></li><li class="nav-item"><a class="nav-link" href="/consumer/login">Login</a></li></ul></div></div></nav><div class="container pt-3"><style type="text/css">.code-text code {color: #bdbdbd;display: block;}.code-text code b {color: #81a2be;font-weight: 900;}.code-text code em {color: #b294bb;font-style: unset;}.code-text code i {color: #b5bd68;}.code-text code span {color: #f0c674;}</style><div class="card text-white border-secondary bg-dark"><div class="card-header"><h1 class="card-title text-warning"><i class="fas fa-ghost text-white slide-right"></i> HTTP: Not Found </h1></div><div class="card-body"><h3 class="leaad code-text"><code class="mb-3"><span>this_page</span>.<em>not_found</em> = true</code></h3><p class="lead code-text"><code class="mb-2"><span>if</span> <b>you_spelt_it_wrong</b> <br />&nbsp;&nbsp;<span>try_again</span><br /></code><code class="mb-2"><span>elsif <b>we_screwed_up</b></span> <br />&nbsp;&nbsp;<em>print</em> <i>"We're really sorry about that."</i><br/></code><code class="mb-2"><span>end</span></code><code class="mb-2"><span>redirect_to</span> <em>home_page</em></code></p></div><div class="card-footer"><p class="text-danger">We are sorry, something went wrong. Please try again later.</p></div></div></div><hr class="mt-5" /><div class="container"><div class="footer"><ul class="list-inline"><li class="list-inline-item">&copy; Go Rest 2025</li><li class="list-inline-item float-lg-end"><a href="/privacy-policy">Privacy Policy</a></li><li class="list-inline-item float-lg-end me-3"><a href="/contact-us">Contact Us</a></li></ul></div></div></body></html>
classpath:examples/todos/todos.feature:61
match failed: EQUALS
  $ | actual path does not exist (STRING:NULL)
  '#notpresent'
  null

classpath:examples/user/user.feature:51
status code was: 404, expected: 200, response time in milliseconds: 1298, url: https://gorest.co.in/public/v2/users, response: 
<!DOCTYPE html><html><head><meta charset="utf-8" /><meta content="width=device-width, initial-scale=1, shrink-to-fit=no" name="viewport" /><link href="/favicon.ico" rel="icon" type="image/x-icon" /><title>Page Not Found | GO REST</title><link rel="stylesheet" href="/assets/application-908c2251d58be479b7fb209519b40235fa8b917357737796da9f4462eea8cabe.css" media="all" data-turbolinks-track="reload" /><script src="/packs/js/application-194ed409298f13f197d2.js" data-turbolinks-track="reload" defer="defer"></script><script async="true" crossorigin="anonymous" src="https://pagead2.googlesyndication.com/pagead/js/adsbygoogle.js?client=ca-pub-4400401340006140"></script></head><body><nav class="navbar navbar-expand-lg navbar-dark bg-dark sticky-top"><div class="container"><a class="navbar-brand" href="/"><i class="fas fa-exchange-alt"></i> Go REST</a><button aria-controls="AppNavBar" aria-expanded="false" aria-label="Toggle navigation" class="navbar-toggler" data-bs-target="#AppNavBar" data-bs-toggle="collapse" type="button"><span class="navbar-toggler-icon"></span></button><div class="collapse navbar-collapse" id="AppNavBar"><ul class="navbar-nav ms-auto"><li class="nav-item"><a class="nav-link" href="/qa"><i class="fas fa-life-ring"></i> Help</a></li><li class="nav-item"><a class="nav-link" href="/rest-console"><i class="fab fa-linux"></i> Rest Console</a></li><li class="nav-item dropdown"><a aria-expanded="false" class="nav-link dropdown-toggle" data-bs-toggle="dropdown" href="#" id="ToolsDropDown" role="button"><i class="fas fa-tools"></i> Tools</a><ul aria-labelledby="ToolsDropDown" class="dropdown-menu"><li class=""><a class="dropdown-item" href="/tools/base64-encode-decode">Base64 Encode/Decode</a></li><li class=""><a class="dropdown-item" href="/tools/url-encode-decode">Url Encode/Decode</a></li><li class=""><a class="dropdown-item" href="/tools/gcode-translator">G-Code Translator</a></li></ul></li><li class="nav-item"><a class="nav-link" href="/consumer/login">Login</a></li></ul></div></div></nav><div class="container pt-3"><style type="text/css">.code-text code {color: #bdbdbd;display: block;}.code-text code b {color: #81a2be;font-weight: 900;}.code-text code em {color: #b294bb;font-style: unset;}.code-text code i {color: #b5bd68;}.code-text code span {color: #f0c674;}</style><div class="card text-white border-secondary bg-dark"><div class="card-header"><h1 class="card-title text-warning"><i class="fas fa-ghost text-white slide-right"></i> HTTP: Not Found </h1></div><div class="card-body"><h3 class="leaad code-text"><code class="mb-3"><span>this_page</span>.<em>not_found</em> = true</code></h3><p class="lead code-text"><code class="mb-2"><span>if</span> <b>you_spelt_it_wrong</b> <br />&nbsp;&nbsp;<span>try_again</span><br /></code><code class="mb-2"><span>elsif <b>we_screwed_up</b></span> <br />&nbsp;&nbsp;<em>print</em> <i>"We're really sorry about that."</i><br/></code><code class="mb-2"><span>end</span></code><code class="mb-2"><span>redirect_to</span> <em>home_page</em></code></p></div><div class="card-footer"><p class="text-danger">We are sorry, something went wrong. Please try again later.</p></div></div></div><hr class="mt-5" /><div class="container"><div class="footer"><ul class="list-inline"><li class="list-inline-item">&copy; Go Rest 2025</li><li class="list-inline-item float-lg-end"><a href="/privacy-policy">Privacy Policy</a></li><li class="list-inline-item float-lg-end me-3"><a href="/contact-us">Contact Us</a></li></ul></div></div></body></html>
classpath:examples/user/user.feature:67
status code was: 404, expected: 204, response time in milliseconds: 1303, url: https://gorest.co.in/public/v2/users, response: 
<!DOCTYPE html><html><head><meta charset="utf-8" /><meta content="width=device-width, initial-scale=1, shrink-to-fit=no" name="viewport" /><link href="/favicon.ico" rel="icon" type="image/x-icon" /><title>Page Not Found | GO REST</title><link rel="stylesheet" href="/assets/application-908c2251d58be479b7fb209519b40235fa8b917357737796da9f4462eea8cabe.css" media="all" data-turbolinks-track="reload" /><script src="/packs/js/application-194ed409298f13f197d2.js" data-turbolinks-track="reload" defer="defer"></script><script async="true" crossorigin="anonymous" src="https://pagead2.googlesyndication.com/pagead/js/adsbygoogle.js?client=ca-pub-4400401340006140"></script></head><body><nav class="navbar navbar-expand-lg navbar-dark bg-dark sticky-top"><div class="container"><a class="navbar-brand" href="/"><i class="fas fa-exchange-alt"></i> Go REST</a><button aria-controls="AppNavBar" aria-expanded="false" aria-label="Toggle navigation" class="navbar-toggler" data-bs-target="#AppNavBar" data-bs-toggle="collapse" type="button"><span class="navbar-toggler-icon"></span></button><div class="collapse navbar-collapse" id="AppNavBar"><ul class="navbar-nav ms-auto"><li class="nav-item"><a class="nav-link" href="/qa"><i class="fas fa-life-ring"></i> Help</a></li><li class="nav-item"><a class="nav-link" href="/rest-console"><i class="fab fa-linux"></i> Rest Console</a></li><li class="nav-item dropdown"><a aria-expanded="false" class="nav-link dropdown-toggle" data-bs-toggle="dropdown" href="#" id="ToolsDropDown" role="button"><i class="fas fa-tools"></i> Tools</a><ul aria-labelledby="ToolsDropDown" class="dropdown-menu"><li class=""><a class="dropdown-item" href="/tools/base64-encode-decode">Base64 Encode/Decode</a></li><li class=""><a class="dropdown-item" href="/tools/url-encode-decode">Url Encode/Decode</a></li><li class=""><a class="dropdown-item" href="/tools/gcode-translator">G-Code Translator</a></li></ul></li><li class="nav-item"><a class="nav-link" href="/consumer/login">Login</a></li></ul></div></div></nav><div class="container pt-3"><style type="text/css">.code-text code {color: #bdbdbd;display: block;}.code-text code b {color: #81a2be;font-weight: 900;}.code-text code em {color: #b294bb;font-style: unset;}.code-text code i {color: #b5bd68;}.code-text code span {color: #f0c674;}</style><div class="card text-white border-secondary bg-dark"><div class="card-header"><h1 class="card-title text-warning"><i class="fas fa-ghost text-white slide-right"></i> HTTP: Not Found </h1></div><div class="card-body"><h3 class="leaad code-text"><code class="mb-3"><span>this_page</span>.<em>not_found</em> = true</code></h3><p class="lead code-text"><code class="mb-2"><span>if</span> <b>you_spelt_it_wrong</b> <br />&nbsp;&nbsp;<span>try_again</span><br /></code><code class="mb-2"><span>elsif <b>we_screwed_up</b></span> <br />&nbsp;&nbsp;<em>print</em> <i>"We're really sorry about that."</i><br/></code><code class="mb-2"><span>end</span></code><code class="mb-2"><span>redirect_to</span> <em>home_page</em></code></p></div><div class="card-footer"><p class="text-danger">We are sorry, something went wrong. Please try again later.</p></div></div></div><hr class="mt-5" /><div class="container"><div class="footer"><ul class="list-inline"><li class="list-inline-item">&copy; Go Rest 2025</li><li class="list-inline-item float-lg-end"><a href="/privacy-policy">Privacy Policy</a></li><li class="list-inline-item float-lg-end me-3"><a href="/contact-us">Contact Us</a></li></ul></div></div></body></html>
classpath:examples/user/user.feature:74
invalid variable name: examples.user
classpath:examples/users/users.feature:19
<<<

HTML report: (paste into browser to view) | Karate version: 1.5.0
file:///C:/Users/dikyd/Documents/Maven/Proyecto_QA2_example1/target/karate-reports/karate-summary.html
===================================================================

]]></system-out>
  </testcase>
</testsuite>